[0.150s] DEBUG:colcon:Command line arguments: ['/usr/bin/colcon', 'build']
[0.150s] DEBUG:colcon:Parsed command line arguments: Namespace(log_base=None, log_level=None, verb_name='build', build_base='build', install_base='install', merge_install=False, symlink_install=False, test_result_base=None, continue_on_error=False, executor='parallel', parallel_workers=16, event_handlers=None, ignore_user_meta=False, metas=['./colcon.meta'], base_paths=['.'], packages_ignore=None, packages_ignore_regex=None, paths=None, packages_up_to=None, packages_up_to_regex=None, packages_above=None, packages_above_and_dependencies=None, packages_above_depth=None, packages_select_by_dep=None, packages_skip_by_dep=None, packages_skip_up_to=None, packages_select_build_failed=False, packages_skip_build_finished=False, packages_select_test_failures=False, packages_skip_test_passed=False, packages_select=None, packages_skip=None, packages_select_regex=None, packages_skip_regex=None, packages_start=None, packages_end=None, allow_overriding=[], cmake_args=None, cmake_target=None, cmake_target_skip_unavailable=False, cmake_clean_cache=False, cmake_clean_first=False, cmake_force_configure=False, ament_cmake_args=None, catkin_cmake_args=None, catkin_skip_building_tests=False, mixin_files=None, mixin=None, verb_parser=<colcon_mixin.mixin.mixin_argument.MixinArgumentDecorator object at 0x7ea2c23bb760>, verb_extension=<colcon_core.verb.build.BuildVerb object at 0x7ea2c23bb0d0>, main=<bound method BuildVerb.main of <colcon_core.verb.build.BuildVerb object at 0x7ea2c23bb0d0>>, mixin_verb=('build',))
[0.432s] Level 1:colcon.colcon_core.package_discovery:discover_packages(colcon_meta) check parameters
[0.432s] Level 1:colcon.colcon_core.package_discovery:discover_packages(recursive) check parameters
[0.437s] Level 1:colcon.colcon_core.package_discovery:discover_packages(ignore) check parameters
[0.437s] Level 1:colcon.colcon_core.package_discovery:discover_packages(path) check parameters
[0.437s] Level 1:colcon.colcon_core.package_discovery:discover_packages(colcon_meta) discover
[0.437s] Level 1:colcon.colcon_core.package_discovery:discover_packages(recursive) discover
[0.437s] INFO:colcon.colcon_core.package_discovery:Crawling recursively for packages in '/home/aaqib/xema_ws'
[0.438s] Level 1:colcon.colcon_core.package_identification:_identify(.) by extensions ['ignore', 'ignore_ament_install']
[0.438s] Level 1:colcon.colcon_core.package_identification:_identify(.) by extension 'ignore'
[0.438s] Level 1:colcon.colcon_core.package_identification:_identify(.) by extension 'ignore_ament_install'
[0.438s] Level 1:colcon.colcon_core.package_identification:_identify(.) by extensions ['colcon_pkg']
[0.438s] Level 1:colcon.colcon_core.package_identification:_identify(.) by extension 'colcon_pkg'
[0.438s] Level 1:colcon.colcon_core.package_identification:_identify(.) by extensions ['colcon_meta']
[0.438s] Level 1:colcon.colcon_core.package_identification:_identify(.) by extension 'colcon_meta'
[0.439s] Level 1:colcon.colcon_core.package_identification:_identify(.) by extensions ['ros']
[0.439s] Level 1:colcon.colcon_core.package_identification:_identify(.) by extension 'ros'
[0.466s] Level 1:colcon.colcon_core.package_identification:_identify(.) by extensions ['cmake', 'python']
[0.467s] Level 1:colcon.colcon_core.package_identification:_identify(.) by extension 'cmake'
[0.467s] Level 1:colcon.colcon_core.package_identification:_identify(.) by extension 'python'
[0.467s] Level 1:colcon.colcon_core.package_identification:_identify(.) by extensions ['python_setup_py']
[0.467s] Level 1:colcon.colcon_core.package_identification:_identify(.) by extension 'python_setup_py'
[0.467s] Level 1:colcon.colcon_core.package_identification:_identify(build) by extensions ['ignore', 'ignore_ament_install']
[0.467s] Level 1:colcon.colcon_core.package_identification:_identify(build) by extension 'ignore'
[0.467s] Level 1:colcon.colcon_core.package_identification:_identify(build) ignored
[0.467s] Level 1:colcon.colcon_core.package_identification:_identify(install) by extensions ['ignore', 'ignore_ament_install']
[0.467s] Level 1:colcon.colcon_core.package_identification:_identify(install) by extension 'ignore'
[0.467s] Level 1:colcon.colcon_core.package_identification:_identify(install) ignored
[0.468s] Level 1:colcon.colcon_core.package_identification:_identify(log) by extensions ['ignore', 'ignore_ament_install']
[0.468s] Level 1:colcon.colcon_core.package_identification:_identify(log) by extension 'ignore'
[0.468s] Level 1:colcon.colcon_core.package_identification:_identify(log) ignored
[0.468s] Level 1:colcon.colcon_core.package_identification:_identify(src) by extensions ['ignore', 'ignore_ament_install']
[0.468s] Level 1:colcon.colcon_core.package_identification:_identify(src) by extension 'ignore'
[0.468s] Level 1:colcon.colcon_core.package_identification:_identify(src) by extension 'ignore_ament_install'
[0.468s] Level 1:colcon.colcon_core.package_identification:_identify(src) by extensions ['colcon_pkg']
[0.468s] Level 1:colcon.colcon_core.package_identification:_identify(src) by extension 'colcon_pkg'
[0.468s] Level 1:colcon.colcon_core.package_identification:_identify(src) by extensions ['colcon_meta']
[0.468s] Level 1:colcon.colcon_core.package_identification:_identify(src) by extension 'colcon_meta'
[0.468s] Level 1:colcon.colcon_core.package_identification:_identify(src) by extensions ['ros']
[0.468s] Level 1:colcon.colcon_core.package_identification:_identify(src) by extension 'ros'
[0.468s] Level 1:colcon.colcon_core.package_identification:_identify(src) by extensions ['cmake', 'python']
[0.468s] Level 1:colcon.colcon_core.package_identification:_identify(src) by extension 'cmake'
[0.469s] Level 1:colcon.colcon_core.package_identification:_identify(src) by extension 'python'
[0.469s] Level 1:colcon.colcon_core.package_identification:_identify(src) by extensions ['python_setup_py']
[0.469s] Level 1:colcon.colcon_core.package_identification:_identify(src) by extension 'python_setup_py'
[0.469s] Level 1:colcon.colcon_core.package_identification:_identify(src/xema_s) by extensions ['ignore', 'ignore_ament_install']
[0.469s] Level 1:colcon.colcon_core.package_identification:_identify(src/xema_s) by extension 'ignore'
[0.469s] Level 1:colcon.colcon_core.package_identification:_identify(src/xema_s) by extension 'ignore_ament_install'
[0.469s] Level 1:colcon.colcon_core.package_identification:_identify(src/xema_s) by extensions ['colcon_pkg']
[0.469s] Level 1:colcon.colcon_core.package_identification:_identify(src/xema_s) by extension 'colcon_pkg'
[0.469s] Level 1:colcon.colcon_core.package_identification:_identify(src/xema_s) by extensions ['colcon_meta']
[0.469s] Level 1:colcon.colcon_core.package_identification:_identify(src/xema_s) by extension 'colcon_meta'
[0.469s] Level 1:colcon.colcon_core.package_identification:_identify(src/xema_s) by extensions ['ros']
[0.469s] Level 1:colcon.colcon_core.package_identification:_identify(src/xema_s) by extension 'ros'
[0.473s] DEBUG:colcon.colcon_core.package_identification:Package 'src/xema_s' with type 'ros.ament_cmake' and name 'xema_s'
[0.473s] Level 1:colcon.colcon_core.package_discovery:discover_packages(recursive) using defaults
[0.473s] Level 1:colcon.colcon_core.package_discovery:discover_packages(ignore) discover
[0.473s] Level 1:colcon.colcon_core.package_discovery:discover_packages(ignore) using defaults
[0.473s] Level 1:colcon.colcon_core.package_discovery:discover_packages(path) discover
[0.473s] Level 1:colcon.colcon_core.package_discovery:discover_packages(path) using defaults
[0.498s] Level 1:colcon.colcon_core.package_discovery:discover_packages(prefix_path) check parameters
[0.498s] Level 1:colcon.colcon_core.package_discovery:discover_packages(prefix_path) discover
[0.502s] DEBUG:colcon.colcon_installed_package_information.package_discovery:Found 526 installed packages in /opt/ros/humble
[0.507s] Level 1:colcon.colcon_core.package_discovery:discover_packages(prefix_path) using defaults
[0.592s] Level 5:colcon.colcon_core.verb:set package 'xema_s' build argument 'cmake_args' from command line to 'None'
[0.592s] Level 5:colcon.colcon_core.verb:set package 'xema_s' build argument 'cmake_target' from command line to 'None'
[0.592s] Level 5:colcon.colcon_core.verb:set package 'xema_s' build argument 'cmake_target_skip_unavailable' from command line to 'False'
[0.592s] Level 5:colcon.colcon_core.verb:set package 'xema_s' build argument 'cmake_clean_cache' from command line to 'False'
[0.592s] Level 5:colcon.colcon_core.verb:set package 'xema_s' build argument 'cmake_clean_first' from command line to 'False'
[0.592s] Level 5:colcon.colcon_core.verb:set package 'xema_s' build argument 'cmake_force_configure' from command line to 'False'
[0.592s] Level 5:colcon.colcon_core.verb:set package 'xema_s' build argument 'ament_cmake_args' from command line to 'None'
[0.592s] Level 5:colcon.colcon_core.verb:set package 'xema_s' build argument 'catkin_cmake_args' from command line to 'None'
[0.592s] Level 5:colcon.colcon_core.verb:set package 'xema_s' build argument 'catkin_skip_building_tests' from command line to 'False'
[0.592s] DEBUG:colcon.colcon_core.verb:Building package 'xema_s' with the following arguments: {'ament_cmake_args': None, 'build_base': '/home/aaqib/xema_ws/build/xema_s', 'catkin_cmake_args': None, 'catkin_skip_building_tests': False, 'cmake_args': None, 'cmake_clean_cache': False, 'cmake_clean_first': False, 'cmake_force_configure': False, 'cmake_target': None, 'cmake_target_skip_unavailable': False, 'install_base': '/home/aaqib/xema_ws/install/xema_s', 'merge_install': False, 'path': '/home/aaqib/xema_ws/src/xema_s', 'symlink_install': False, 'test_result_base': None}
[0.592s] INFO:colcon.colcon_core.executor:Executing jobs using 'parallel' executor
[0.594s] DEBUG:colcon.colcon_parallel_executor.executor.parallel:run_until_complete
[0.594s] INFO:colcon.colcon_ros.task.ament_cmake.build:Building ROS package in '/home/aaqib/xema_ws/src/xema_s' with build type 'ament_cmake'
[0.594s] INFO:colcon.colcon_cmake.task.cmake.build:Building CMake package in '/home/aaqib/xema_ws/src/xema_s'
[0.596s] INFO:colcon.colcon_core.plugin_system:Skipping extension 'colcon_core.shell.bat': Not used on non-Windows systems
[0.597s] INFO:colcon.colcon_core.shell:Skip shell extension 'powershell' for command environment: Not usable outside of PowerShell
[0.597s] DEBUG:colcon.colcon_core.shell:Skip shell extension 'dsv' for command environment
[0.613s] DEBUG:colcon.colcon_core.event_handler.log_command:Invoking command in '/home/aaqib/xema_ws/build/xema_s': CMAKE_PREFIX_PATH=/opt/ros/humble /usr/bin/cmake /home/aaqib/xema_ws/src/xema_s -DCMAKE_INSTALL_PREFIX=/home/aaqib/xema_ws/install/xema_s
[2.915s] DEBUG:colcon.colcon_core.event_handler.log_command:Invoked command in '/home/aaqib/xema_ws/build/xema_s' returned '0': CMAKE_PREFIX_PATH=/opt/ros/humble /usr/bin/cmake /home/aaqib/xema_ws/src/xema_s -DCMAKE_INSTALL_PREFIX=/home/aaqib/xema_ws/install/xema_s
[2.920s] DEBUG:colcon.colcon_core.event_handler.log_command:Invoking command in '/home/aaqib/xema_ws/build/xema_s': CMAKE_PREFIX_PATH=/opt/ros/humble /usr/bin/cmake --build /home/aaqib/xema_ws/build/xema_s -- -j16 -l16
[12.536s] DEBUG:colcon.colcon_core.event_handler.log_command:Invoked command in '/home/aaqib/xema_ws/build/xema_s' returned '0': CMAKE_PREFIX_PATH=/opt/ros/humble /usr/bin/cmake --build /home/aaqib/xema_ws/build/xema_s -- -j16 -l16
[12.548s] DEBUG:colcon.colcon_core.event_handler.log_command:Invoking command in '/home/aaqib/xema_ws/build/xema_s': CMAKE_PREFIX_PATH=/opt/ros/humble /usr/bin/cmake --install /home/aaqib/xema_ws/build/xema_s
[12.621s] Level 1:colcon.colcon_core.environment:create_environment_scripts_only(xema_s)
[12.621s] DEBUG:colcon.colcon_core.event_handler.log_command:Invoked command in '/home/aaqib/xema_ws/build/xema_s' returned '0': CMAKE_PREFIX_PATH=/opt/ros/humble /usr/bin/cmake --install /home/aaqib/xema_ws/build/xema_s
[12.624s] Level 1:colcon.colcon_core.environment:checking '/home/aaqib/xema_ws/install/xema_s' for CMake module files
[12.626s] Level 1:colcon.colcon_core.environment:checking '/home/aaqib/xema_ws/install/xema_s' for CMake config files
[12.627s] Level 1:colcon.colcon_core.shell:create_environment_hook('xema_s', 'cmake_prefix_path')
[12.627s] INFO:colcon.colcon_core.shell:Creating environment hook '/home/aaqib/xema_ws/install/xema_s/share/xema_s/hook/cmake_prefix_path.ps1'
[12.628s] INFO:colcon.colcon_core.shell:Creating environment descriptor '/home/aaqib/xema_ws/install/xema_s/share/xema_s/hook/cmake_prefix_path.dsv'
[12.629s] INFO:colcon.colcon_core.shell:Creating environment hook '/home/aaqib/xema_ws/install/xema_s/share/xema_s/hook/cmake_prefix_path.sh'
[12.630s] Level 1:colcon.colcon_core.environment:checking '/home/aaqib/xema_ws/install/xema_s/lib'
[12.631s] Level 1:colcon.colcon_core.environment:checking '/home/aaqib/xema_ws/install/xema_s/bin'
[12.631s] Level 1:colcon.colcon_core.environment:checking '/home/aaqib/xema_ws/install/xema_s/lib/pkgconfig/xema_s.pc'
[12.631s] Level 1:colcon.colcon_core.environment:checking '/home/aaqib/xema_ws/install/xema_s/lib/python3.10/site-packages'
[12.632s] Level 1:colcon.colcon_core.environment:checking '/home/aaqib/xema_ws/install/xema_s/bin'
[12.632s] INFO:colcon.colcon_core.shell:Creating package script '/home/aaqib/xema_ws/install/xema_s/share/xema_s/package.ps1'
[12.634s] INFO:colcon.colcon_core.shell:Creating package descriptor '/home/aaqib/xema_ws/install/xema_s/share/xema_s/package.dsv'
[12.635s] INFO:colcon.colcon_core.shell:Creating package script '/home/aaqib/xema_ws/install/xema_s/share/xema_s/package.sh'
[12.637s] INFO:colcon.colcon_core.shell:Creating package script '/home/aaqib/xema_ws/install/xema_s/share/xema_s/package.bash'
[12.639s] INFO:colcon.colcon_core.shell:Creating package script '/home/aaqib/xema_ws/install/xema_s/share/xema_s/package.zsh'
[12.641s] Level 1:colcon.colcon_core.environment:create_file_with_runtime_dependencies(/home/aaqib/xema_ws/install/xema_s/share/colcon-core/packages/xema_s)
[12.642s] Level 1:colcon.colcon_core.environment:create_environment_scripts_only(xema_s)
[12.643s] Level 1:colcon.colcon_core.environment:checking '/home/aaqib/xema_ws/install/xema_s' for CMake module files
[12.644s] Level 1:colcon.colcon_core.environment:checking '/home/aaqib/xema_ws/install/xema_s' for CMake config files
[12.645s] Level 1:colcon.colcon_core.shell:create_environment_hook('xema_s', 'cmake_prefix_path')
[12.645s] INFO:colcon.colcon_core.shell:Creating environment hook '/home/aaqib/xema_ws/install/xema_s/share/xema_s/hook/cmake_prefix_path.ps1'
[12.646s] INFO:colcon.colcon_core.shell:Creating environment descriptor '/home/aaqib/xema_ws/install/xema_s/share/xema_s/hook/cmake_prefix_path.dsv'
[12.646s] INFO:colcon.colcon_core.shell:Creating environment hook '/home/aaqib/xema_ws/install/xema_s/share/xema_s/hook/cmake_prefix_path.sh'
[12.647s] Level 1:colcon.colcon_core.environment:checking '/home/aaqib/xema_ws/install/xema_s/lib'
[12.647s] Level 1:colcon.colcon_core.environment:checking '/home/aaqib/xema_ws/install/xema_s/bin'
[12.648s] Level 1:colcon.colcon_core.environment:checking '/home/aaqib/xema_ws/install/xema_s/lib/pkgconfig/xema_s.pc'
[12.648s] Level 1:colcon.colcon_core.environment:checking '/home/aaqib/xema_ws/install/xema_s/lib/python3.10/site-packages'
[12.648s] Level 1:colcon.colcon_core.environment:checking '/home/aaqib/xema_ws/install/xema_s/bin'
[12.649s] INFO:colcon.colcon_core.shell:Creating package script '/home/aaqib/xema_ws/install/xema_s/share/xema_s/package.ps1'
[12.650s] INFO:colcon.colcon_core.shell:Creating package descriptor '/home/aaqib/xema_ws/install/xema_s/share/xema_s/package.dsv'
[12.650s] INFO:colcon.colcon_core.shell:Creating package script '/home/aaqib/xema_ws/install/xema_s/share/xema_s/package.sh'
[12.651s] INFO:colcon.colcon_core.shell:Creating package script '/home/aaqib/xema_ws/install/xema_s/share/xema_s/package.bash'
[12.652s] INFO:colcon.colcon_core.shell:Creating package script '/home/aaqib/xema_ws/install/xema_s/share/xema_s/package.zsh'
[12.652s] Level 1:colcon.colcon_core.environment:create_file_with_runtime_dependencies(/home/aaqib/xema_ws/install/xema_s/share/colcon-core/packages/xema_s)
[12.653s] DEBUG:colcon.colcon_parallel_executor.executor.parallel:closing loop
[12.654s] DEBUG:colcon.colcon_parallel_executor.executor.parallel:loop closed
[12.654s] DEBUG:colcon.colcon_parallel_executor.executor.parallel:run_until_complete finished with '0'
[12.654s] DEBUG:colcon.colcon_core.event_reactor:joining thread
[12.663s] INFO:colcon.colcon_core.plugin_system:Skipping extension 'colcon_notification.desktop_notification.terminal_notifier': Not used on non-Darwin systems
[12.663s] INFO:colcon.colcon_core.plugin_system:Skipping extension 'colcon_notification.desktop_notification.win32': Not used on non-Windows systems
[12.663s] INFO:colcon.colcon_notification.desktop_notification:Sending desktop notification using 'notify2'
[12.691s] DEBUG:colcon.colcon_core.event_reactor:joined thread
[12.691s] INFO:colcon.colcon_core.shell:Creating prefix script '/home/aaqib/xema_ws/install/local_setup.ps1'
[12.693s] INFO:colcon.colcon_core.shell:Creating prefix util module '/home/aaqib/xema_ws/install/_local_setup_util_ps1.py'
[12.697s] INFO:colcon.colcon_core.shell:Creating prefix chain script '/home/aaqib/xema_ws/install/setup.ps1'
[12.699s] INFO:colcon.colcon_core.shell:Creating prefix script '/home/aaqib/xema_ws/install/local_setup.sh'
[12.699s] INFO:colcon.colcon_core.shell:Creating prefix util module '/home/aaqib/xema_ws/install/_local_setup_util_sh.py'
[12.700s] INFO:colcon.colcon_core.shell:Creating prefix chain script '/home/aaqib/xema_ws/install/setup.sh'
[12.702s] INFO:colcon.colcon_core.shell:Creating prefix script '/home/aaqib/xema_ws/install/local_setup.bash'
[12.703s] INFO:colcon.colcon_core.shell:Creating prefix chain script '/home/aaqib/xema_ws/install/setup.bash'
[12.704s] INFO:colcon.colcon_core.shell:Creating prefix script '/home/aaqib/xema_ws/install/local_setup.zsh'
[12.705s] INFO:colcon.colcon_core.shell:Creating prefix chain script '/home/aaqib/xema_ws/install/setup.zsh'
