[0.144s] DEBUG:colcon:Command line arguments: ['/usr/bin/colcon', 'build']
[0.144s] DEBUG:colcon:Parsed command line arguments: Namespace(log_base=None, log_level=None, verb_name='build', build_base='build', install_base='install', merge_install=False, symlink_install=False, test_result_base=None, continue_on_error=False, executor='parallel', parallel_workers=16, event_handlers=None, ignore_user_meta=False, metas=['./colcon.meta'], base_paths=['.'], packages_ignore=None, packages_ignore_regex=None, paths=None, packages_up_to=None, packages_up_to_regex=None, packages_above=None, packages_above_and_dependencies=None, packages_above_depth=None, packages_select_by_dep=None, packages_skip_by_dep=None, packages_skip_up_to=None, packages_select_build_failed=False, packages_skip_build_finished=False, packages_select_test_failures=False, packages_skip_test_passed=False, packages_select=None, packages_skip=None, packages_select_regex=None, packages_skip_regex=None, packages_start=None, packages_end=None, allow_overriding=[], cmake_args=None, cmake_target=None, cmake_target_skip_unavailable=False, cmake_clean_cache=False, cmake_clean_first=False, cmake_force_configure=False, ament_cmake_args=None, catkin_cmake_args=None, catkin_skip_building_tests=False, mixin_files=None, mixin=None, verb_parser=<colcon_mixin.mixin.mixin_argument.MixinArgumentDecorator object at 0x7d5b4d743d00>, verb_extension=<colcon_core.verb.build.BuildVerb object at 0x7d5b4d743700>, main=<bound method BuildVerb.main of <colcon_core.verb.build.BuildVerb object at 0x7d5b4d743700>>, mixin_verb=('build',))
[0.426s] Level 1:colcon.colcon_core.package_discovery:discover_packages(colcon_meta) check parameters
[0.426s] Level 1:colcon.colcon_core.package_discovery:discover_packages(recursive) check parameters
[0.426s] Level 1:colcon.colcon_core.package_discovery:discover_packages(ignore) check parameters
[0.426s] Level 1:colcon.colcon_core.package_discovery:discover_packages(path) check parameters
[0.426s] Level 1:colcon.colcon_core.package_discovery:discover_packages(colcon_meta) discover
[0.426s] Level 1:colcon.colcon_core.package_discovery:discover_packages(recursive) discover
[0.426s] INFO:colcon.colcon_core.package_discovery:Crawling recursively for packages in '/home/ikeda/ros2_ws'
[0.427s] Level 1:colcon.colcon_core.package_identification:_identify(.) by extensions ['ignore', 'ignore_ament_install']
[0.427s] Level 1:colcon.colcon_core.package_identification:_identify(.) by extension 'ignore'
[0.427s] Level 1:colcon.colcon_core.package_identification:_identify(.) by extension 'ignore_ament_install'
[0.427s] Level 1:colcon.colcon_core.package_identification:_identify(.) by extensions ['colcon_pkg']
[0.427s] Level 1:colcon.colcon_core.package_identification:_identify(.) by extension 'colcon_pkg'
[0.427s] Level 1:colcon.colcon_core.package_identification:_identify(.) by extensions ['colcon_meta']
[0.427s] Level 1:colcon.colcon_core.package_identification:_identify(.) by extension 'colcon_meta'
[0.427s] Level 1:colcon.colcon_core.package_identification:_identify(.) by extensions ['ros']
[0.427s] Level 1:colcon.colcon_core.package_identification:_identify(.) by extension 'ros'
[0.455s] Level 1:colcon.colcon_core.package_identification:_identify(.) by extensions ['cmake', 'python']
[0.455s] Level 1:colcon.colcon_core.package_identification:_identify(.) by extension 'cmake'
[0.455s] Level 1:colcon.colcon_core.package_identification:_identify(.) by extension 'python'
[0.455s] Level 1:colcon.colcon_core.package_identification:_identify(.) by extensions ['python_setup_py']
[0.455s] Level 1:colcon.colcon_core.package_identification:_identify(.) by extension 'python_setup_py'
[0.455s] Level 1:colcon.colcon_core.package_identification:_identify(build) by extensions ['ignore', 'ignore_ament_install']
[0.455s] Level 1:colcon.colcon_core.package_identification:_identify(build) by extension 'ignore'
[0.456s] Level 1:colcon.colcon_core.package_identification:_identify(build) ignored
[0.456s] Level 1:colcon.colcon_core.package_identification:_identify(install) by extensions ['ignore', 'ignore_ament_install']
[0.456s] Level 1:colcon.colcon_core.package_identification:_identify(install) by extension 'ignore'
[0.456s] Level 1:colcon.colcon_core.package_identification:_identify(install) ignored
[0.456s] Level 1:colcon.colcon_core.package_identification:_identify(log) by extensions ['ignore', 'ignore_ament_install']
[0.456s] Level 1:colcon.colcon_core.package_identification:_identify(log) by extension 'ignore'
[0.456s] Level 1:colcon.colcon_core.package_identification:_identify(log) ignored
[0.456s] Level 1:colcon.colcon_core.package_identification:_identify(src) by extensions ['ignore', 'ignore_ament_install']
[0.456s] Level 1:colcon.colcon_core.package_identification:_identify(src) by extension 'ignore'
[0.456s] Level 1:colcon.colcon_core.package_identification:_identify(src) by extension 'ignore_ament_install'
[0.456s] Level 1:colcon.colcon_core.package_identification:_identify(src) by extensions ['colcon_pkg']
[0.456s] Level 1:colcon.colcon_core.package_identification:_identify(src) by extension 'colcon_pkg'
[0.457s] Level 1:colcon.colcon_core.package_identification:_identify(src) by extensions ['colcon_meta']
[0.457s] Level 1:colcon.colcon_core.package_identification:_identify(src) by extension 'colcon_meta'
[0.457s] Level 1:colcon.colcon_core.package_identification:_identify(src) by extensions ['ros']
[0.457s] Level 1:colcon.colcon_core.package_identification:_identify(src) by extension 'ros'
[0.457s] Level 1:colcon.colcon_core.package_identification:_identify(src) by extensions ['cmake', 'python']
[0.457s] Level 1:colcon.colcon_core.package_identification:_identify(src) by extension 'cmake'
[0.457s] Level 1:colcon.colcon_core.package_identification:_identify(src) by extension 'python'
[0.457s] Level 1:colcon.colcon_core.package_identification:_identify(src) by extensions ['python_setup_py']
[0.457s] Level 1:colcon.colcon_core.package_identification:_identify(src) by extension 'python_setup_py'
[0.457s] Level 1:colcon.colcon_core.package_identification:_identify(src/depth_d435) by extensions ['ignore', 'ignore_ament_install']
[0.457s] Level 1:colcon.colcon_core.package_identification:_identify(src/depth_d435) by extension 'ignore'
[0.457s] Level 1:colcon.colcon_core.package_identification:_identify(src/depth_d435) by extension 'ignore_ament_install'
[0.457s] Level 1:colcon.colcon_core.package_identification:_identify(src/depth_d435) by extensions ['colcon_pkg']
[0.457s] Level 1:colcon.colcon_core.package_identification:_identify(src/depth_d435) by extension 'colcon_pkg'
[0.457s] Level 1:colcon.colcon_core.package_identification:_identify(src/depth_d435) by extensions ['colcon_meta']
[0.457s] Level 1:colcon.colcon_core.package_identification:_identify(src/depth_d435) by extension 'colcon_meta'
[0.457s] Level 1:colcon.colcon_core.package_identification:_identify(src/depth_d435) by extensions ['ros']
[0.457s] Level 1:colcon.colcon_core.package_identification:_identify(src/depth_d435) by extension 'ros'
[0.461s] DEBUG:colcon.colcon_core.package_identification:Package 'src/depth_d435' with type 'ros.ament_cmake' and name 'depth_d435'
[0.461s] Level 1:colcon.colcon_core.package_discovery:discover_packages(recursive) using defaults
[0.461s] Level 1:colcon.colcon_core.package_discovery:discover_packages(ignore) discover
[0.461s] Level 1:colcon.colcon_core.package_discovery:discover_packages(ignore) using defaults
[0.461s] Level 1:colcon.colcon_core.package_discovery:discover_packages(path) discover
[0.461s] Level 1:colcon.colcon_core.package_discovery:discover_packages(path) using defaults
[0.486s] Level 1:colcon.colcon_core.package_discovery:discover_packages(prefix_path) check parameters
[0.486s] Level 1:colcon.colcon_core.package_discovery:discover_packages(prefix_path) discover
[0.487s] WARNING:colcon.colcon_ros.prefix_path.ament:The path '/home/ikeda/ros2_ws/install/xema_s' in the environment variable AMENT_PREFIX_PATH doesn't exist
[0.487s] WARNING:colcon.colcon_ros.prefix_path.ament:The path '/home/ikeda/ros2_ws/install/depth_d435' in the environment variable AMENT_PREFIX_PATH doesn't exist
[0.487s] WARNING:colcon.colcon_ros.prefix_path.catkin:The path '/home/ikeda/ros2_ws/install/xema_s' in the environment variable CMAKE_PREFIX_PATH doesn't exist
[0.487s] WARNING:colcon.colcon_ros.prefix_path.catkin:The path '/home/ikeda/ros2_ws/install/depth_d435' in the environment variable CMAKE_PREFIX_PATH doesn't exist
[0.488s] DEBUG:colcon.colcon_installed_package_information.package_discovery:Found 0 installed packages in /home/ikeda/ros2_ws/install
[0.491s] DEBUG:colcon.colcon_installed_package_information.package_discovery:Found 526 installed packages in /opt/ros/humble
[0.495s] Level 1:colcon.colcon_core.package_discovery:discover_packages(prefix_path) using defaults
[0.579s] Level 5:colcon.colcon_core.verb:set package 'depth_d435' build argument 'cmake_args' from command line to 'None'
[0.579s] Level 5:colcon.colcon_core.verb:set package 'depth_d435' build argument 'cmake_target' from command line to 'None'
[0.579s] Level 5:colcon.colcon_core.verb:set package 'depth_d435' build argument 'cmake_target_skip_unavailable' from command line to 'False'
[0.579s] Level 5:colcon.colcon_core.verb:set package 'depth_d435' build argument 'cmake_clean_cache' from command line to 'False'
[0.579s] Level 5:colcon.colcon_core.verb:set package 'depth_d435' build argument 'cmake_clean_first' from command line to 'False'
[0.579s] Level 5:colcon.colcon_core.verb:set package 'depth_d435' build argument 'cmake_force_configure' from command line to 'False'
[0.579s] Level 5:colcon.colcon_core.verb:set package 'depth_d435' build argument 'ament_cmake_args' from command line to 'None'
[0.579s] Level 5:colcon.colcon_core.verb:set package 'depth_d435' build argument 'catkin_cmake_args' from command line to 'None'
[0.579s] Level 5:colcon.colcon_core.verb:set package 'depth_d435' build argument 'catkin_skip_building_tests' from command line to 'False'
[0.580s] DEBUG:colcon.colcon_core.verb:Building package 'depth_d435' with the following arguments: {'ament_cmake_args': None, 'build_base': '/home/ikeda/ros2_ws/build/depth_d435', 'catkin_cmake_args': None, 'catkin_skip_building_tests': False, 'cmake_args': None, 'cmake_clean_cache': False, 'cmake_clean_first': False, 'cmake_force_configure': False, 'cmake_target': None, 'cmake_target_skip_unavailable': False, 'install_base': '/home/ikeda/ros2_ws/install/depth_d435', 'merge_install': False, 'path': '/home/ikeda/ros2_ws/src/depth_d435', 'symlink_install': False, 'test_result_base': None}
[0.580s] INFO:colcon.colcon_core.executor:Executing jobs using 'parallel' executor
[0.581s] DEBUG:colcon.colcon_parallel_executor.executor.parallel:run_until_complete
[0.582s] INFO:colcon.colcon_ros.task.ament_cmake.build:Building ROS package in '/home/ikeda/ros2_ws/src/depth_d435' with build type 'ament_cmake'
[0.582s] INFO:colcon.colcon_cmake.task.cmake.build:Building CMake package in '/home/ikeda/ros2_ws/src/depth_d435'
[0.585s] INFO:colcon.colcon_core.plugin_system:Skipping extension 'colcon_core.shell.bat': Not used on non-Windows systems
[0.585s] INFO:colcon.colcon_core.shell:Skip shell extension 'powershell' for command environment: Not usable outside of PowerShell
[0.585s] DEBUG:colcon.colcon_core.shell:Skip shell extension 'dsv' for command environment
[0.601s] DEBUG:colcon.colcon_core.event_handler.log_command:Invoking command in '/home/ikeda/ros2_ws/build/depth_d435': CMAKE_PREFIX_PATH=${CMAKE_PREFIX_PATH}:/opt/ros/humble /usr/bin/cmake /home/ikeda/ros2_ws/src/depth_d435 -DCMAKE_INSTALL_PREFIX=/home/ikeda/ros2_ws/install/depth_d435
[3.014s] DEBUG:colcon.colcon_core.event_handler.log_command:Invoked command in '/home/ikeda/ros2_ws/build/depth_d435' returned '0': CMAKE_PREFIX_PATH=${CMAKE_PREFIX_PATH}:/opt/ros/humble /usr/bin/cmake /home/ikeda/ros2_ws/src/depth_d435 -DCMAKE_INSTALL_PREFIX=/home/ikeda/ros2_ws/install/depth_d435
[3.019s] DEBUG:colcon.colcon_core.event_handler.log_command:Invoking command in '/home/ikeda/ros2_ws/build/depth_d435': CMAKE_PREFIX_PATH=${CMAKE_PREFIX_PATH}:/opt/ros/humble /usr/bin/cmake --build /home/ikeda/ros2_ws/build/depth_d435 -- -j16 -l16
[12.271s] DEBUG:colcon.colcon_core.event_handler.log_command:Invoked command in '/home/ikeda/ros2_ws/build/depth_d435' returned '0': CMAKE_PREFIX_PATH=${CMAKE_PREFIX_PATH}:/opt/ros/humble /usr/bin/cmake --build /home/ikeda/ros2_ws/build/depth_d435 -- -j16 -l16
[12.284s] DEBUG:colcon.colcon_core.event_handler.log_command:Invoking command in '/home/ikeda/ros2_ws/build/depth_d435': CMAKE_PREFIX_PATH=${CMAKE_PREFIX_PATH}:/opt/ros/humble /usr/bin/cmake --install /home/ikeda/ros2_ws/build/depth_d435
[12.377s] Level 1:colcon.colcon_core.environment:create_environment_scripts_only(depth_d435)
[12.378s] DEBUG:colcon.colcon_core.event_handler.log_command:Invoked command in '/home/ikeda/ros2_ws/build/depth_d435' returned '0': CMAKE_PREFIX_PATH=${CMAKE_PREFIX_PATH}:/opt/ros/humble /usr/bin/cmake --install /home/ikeda/ros2_ws/build/depth_d435
[12.382s] Level 1:colcon.colcon_core.environment:checking '/home/ikeda/ros2_ws/install/depth_d435' for CMake module files
[12.383s] Level 1:colcon.colcon_core.environment:checking '/home/ikeda/ros2_ws/install/depth_d435' for CMake config files
[12.385s] Level 1:colcon.colcon_core.shell:create_environment_hook('depth_d435', 'cmake_prefix_path')
[12.385s] INFO:colcon.colcon_core.shell:Creating environment hook '/home/ikeda/ros2_ws/install/depth_d435/share/depth_d435/hook/cmake_prefix_path.ps1'
[12.386s] INFO:colcon.colcon_core.shell:Creating environment descriptor '/home/ikeda/ros2_ws/install/depth_d435/share/depth_d435/hook/cmake_prefix_path.dsv'
[12.387s] INFO:colcon.colcon_core.shell:Creating environment hook '/home/ikeda/ros2_ws/install/depth_d435/share/depth_d435/hook/cmake_prefix_path.sh'
[12.389s] Level 1:colcon.colcon_core.environment:checking '/home/ikeda/ros2_ws/install/depth_d435/lib'
[12.389s] Level 1:colcon.colcon_core.environment:checking '/home/ikeda/ros2_ws/install/depth_d435/bin'
[12.389s] Level 1:colcon.colcon_core.environment:checking '/home/ikeda/ros2_ws/install/depth_d435/lib/pkgconfig/depth_d435.pc'
[12.390s] Level 1:colcon.colcon_core.environment:checking '/home/ikeda/ros2_ws/install/depth_d435/lib/python3.10/site-packages'
[12.390s] Level 1:colcon.colcon_core.environment:checking '/home/ikeda/ros2_ws/install/depth_d435/bin'
[12.391s] INFO:colcon.colcon_core.shell:Creating package script '/home/ikeda/ros2_ws/install/depth_d435/share/depth_d435/package.ps1'
[12.392s] INFO:colcon.colcon_core.shell:Creating package descriptor '/home/ikeda/ros2_ws/install/depth_d435/share/depth_d435/package.dsv'
[12.393s] INFO:colcon.colcon_core.shell:Creating package script '/home/ikeda/ros2_ws/install/depth_d435/share/depth_d435/package.sh'
[12.395s] INFO:colcon.colcon_core.shell:Creating package script '/home/ikeda/ros2_ws/install/depth_d435/share/depth_d435/package.bash'
[12.396s] INFO:colcon.colcon_core.shell:Creating package script '/home/ikeda/ros2_ws/install/depth_d435/share/depth_d435/package.zsh'
[12.398s] Level 1:colcon.colcon_core.environment:create_file_with_runtime_dependencies(/home/ikeda/ros2_ws/install/depth_d435/share/colcon-core/packages/depth_d435)
[12.399s] Level 1:colcon.colcon_core.environment:create_environment_scripts_only(depth_d435)
[12.399s] Level 1:colcon.colcon_core.environment:checking '/home/ikeda/ros2_ws/install/depth_d435' for CMake module files
[12.400s] Level 1:colcon.colcon_core.environment:checking '/home/ikeda/ros2_ws/install/depth_d435' for CMake config files
[12.401s] Level 1:colcon.colcon_core.shell:create_environment_hook('depth_d435', 'cmake_prefix_path')
[12.402s] INFO:colcon.colcon_core.shell:Creating environment hook '/home/ikeda/ros2_ws/install/depth_d435/share/depth_d435/hook/cmake_prefix_path.ps1'
[12.403s] INFO:colcon.colcon_core.shell:Creating environment descriptor '/home/ikeda/ros2_ws/install/depth_d435/share/depth_d435/hook/cmake_prefix_path.dsv'
[12.403s] INFO:colcon.colcon_core.shell:Creating environment hook '/home/ikeda/ros2_ws/install/depth_d435/share/depth_d435/hook/cmake_prefix_path.sh'
[12.404s] Level 1:colcon.colcon_core.environment:checking '/home/ikeda/ros2_ws/install/depth_d435/lib'
[12.405s] Level 1:colcon.colcon_core.environment:checking '/home/ikeda/ros2_ws/install/depth_d435/bin'
[12.405s] Level 1:colcon.colcon_core.environment:checking '/home/ikeda/ros2_ws/install/depth_d435/lib/pkgconfig/depth_d435.pc'
[12.405s] Level 1:colcon.colcon_core.environment:checking '/home/ikeda/ros2_ws/install/depth_d435/lib/python3.10/site-packages'
[12.406s] Level 1:colcon.colcon_core.environment:checking '/home/ikeda/ros2_ws/install/depth_d435/bin'
[12.406s] INFO:colcon.colcon_core.shell:Creating package script '/home/ikeda/ros2_ws/install/depth_d435/share/depth_d435/package.ps1'
[12.407s] INFO:colcon.colcon_core.shell:Creating package descriptor '/home/ikeda/ros2_ws/install/depth_d435/share/depth_d435/package.dsv'
[12.408s] INFO:colcon.colcon_core.shell:Creating package script '/home/ikeda/ros2_ws/install/depth_d435/share/depth_d435/package.sh'
[12.409s] INFO:colcon.colcon_core.shell:Creating package script '/home/ikeda/ros2_ws/install/depth_d435/share/depth_d435/package.bash'
[12.410s] INFO:colcon.colcon_core.shell:Creating package script '/home/ikeda/ros2_ws/install/depth_d435/share/depth_d435/package.zsh'
[12.411s] Level 1:colcon.colcon_core.environment:create_file_with_runtime_dependencies(/home/ikeda/ros2_ws/install/depth_d435/share/colcon-core/packages/depth_d435)
[12.411s] DEBUG:colcon.colcon_parallel_executor.executor.parallel:closing loop
[12.412s] DEBUG:colcon.colcon_parallel_executor.executor.parallel:loop closed
[12.412s] DEBUG:colcon.colcon_parallel_executor.executor.parallel:run_until_complete finished with '0'
[12.412s] DEBUG:colcon.colcon_core.event_reactor:joining thread
[12.422s] INFO:colcon.colcon_core.plugin_system:Skipping extension 'colcon_notification.desktop_notification.terminal_notifier': Not used on non-Darwin systems
[12.422s] INFO:colcon.colcon_core.plugin_system:Skipping extension 'colcon_notification.desktop_notification.win32': Not used on non-Windows systems
[12.423s] INFO:colcon.colcon_notification.desktop_notification:Sending desktop notification using 'notify2'
[12.447s] DEBUG:colcon.colcon_core.event_reactor:joined thread
[12.448s] INFO:colcon.colcon_core.shell:Creating prefix script '/home/ikeda/ros2_ws/install/local_setup.ps1'
[12.450s] INFO:colcon.colcon_core.shell:Creating prefix util module '/home/ikeda/ros2_ws/install/_local_setup_util_ps1.py'
[12.452s] INFO:colcon.colcon_core.shell:Creating prefix chain script '/home/ikeda/ros2_ws/install/setup.ps1'
[12.455s] INFO:colcon.colcon_core.shell:Creating prefix script '/home/ikeda/ros2_ws/install/local_setup.sh'
[12.456s] INFO:colcon.colcon_core.shell:Creating prefix util module '/home/ikeda/ros2_ws/install/_local_setup_util_sh.py'
[12.458s] INFO:colcon.colcon_core.shell:Creating prefix chain script '/home/ikeda/ros2_ws/install/setup.sh'
[12.460s] INFO:colcon.colcon_core.shell:Creating prefix script '/home/ikeda/ros2_ws/install/local_setup.bash'
[12.461s] INFO:colcon.colcon_core.shell:Creating prefix chain script '/home/ikeda/ros2_ws/install/setup.bash'
[12.463s] INFO:colcon.colcon_core.shell:Creating prefix script '/home/ikeda/ros2_ws/install/local_setup.zsh'
[12.464s] INFO:colcon.colcon_core.shell:Creating prefix chain script '/home/ikeda/ros2_ws/install/setup.zsh'
