[0.018s] Invoking command in '/home/ikeda/ros2_ws/build/depth_d435': CMAKE_PREFIX_PATH=${CMAKE_PREFIX_PATH}:/opt/ros/humble /usr/bin/cmake /home/ikeda/ros2_ws/src/depth_d435 -DCMAKE_INSTALL_PREFIX=/home/ikeda/ros2_ws/install/depth_d435
[0.115s] -- The C compiler identification is GNU 11.4.0
[0.208s] -- The CXX compiler identification is GNU 11.4.0
[0.229s] -- Detecting C compiler ABI info
[0.363s] -- Detecting C compiler ABI info - done
[0.382s] -- Check for working C compiler: /usr/bin/cc - skipped
[0.383s] -- Detecting C compile features
[0.384s] -- Detecting C compile features - done
[0.392s] -- Detecting CXX compiler ABI info
[0.543s] -- Detecting CXX compiler ABI info - done
[0.564s] -- Check for working CXX compiler: /usr/bin/c++ - skipped
[0.565s] -- Detecting CXX compile features
[0.566s] -- Detecting CXX compile features - done
[0.576s] -- Found ament_cmake: 1.3.10 (/opt/ros/humble/share/ament_cmake/cmake)
[0.827s] -- Found Python3: /usr/bin/python3 (found version "3.10.12") found components: Interpreter 
[1.002s] -- Found rclcpp: 16.0.10 (/opt/ros/humble/share/rclcpp/cmake)
[1.078s] -- Found rosidl_generator_c: 3.1.5 (/opt/ros/humble/share/rosidl_generator_c/cmake)
[1.089s] -- Found rosidl_adapter: 3.1.5 (/opt/ros/humble/share/rosidl_adapter/cmake)
[1.105s] -- Found rosidl_generator_cpp: 3.1.5 (/opt/ros/humble/share/rosidl_generator_cpp/cmake)
[1.130s] -- Using all available rosidl_typesupport_c: rosidl_typesupport_fastrtps_c;rosidl_typesupport_introspection_c
[1.161s] -- Using all available rosidl_typesupport_cpp: rosidl_typesupport_fastrtps_cpp;rosidl_typesupport_introspection_cpp
[1.236s] -- Found rmw_implementation_cmake: 6.1.2 (/opt/ros/humble/share/rmw_implementation_cmake/cmake)
[1.241s] -- Found rmw_fastrtps_cpp: 6.2.7 (/opt/ros/humble/share/rmw_fastrtps_cpp/cmake)
[1.440s] -- Found OpenSSL: /usr/lib/x86_64-linux-gnu/libcrypto.so (found version "3.0.2")  
[1.495s] -- Found FastRTPS: /opt/ros/humble/include  
[1.572s] -- Using RMW implementation 'rmw_fastrtps_cpp' as default
[1.588s] -- Looking for pthread.h
[1.720s] -- Looking for pthread.h - found
[1.721s] -- Performing Test CMAKE_HAVE_LIBC_PTHREAD
[1.846s] -- Performing Test CMAKE_HAVE_LIBC_PTHREAD - Success
[1.848s] -- Found Threads: TRUE  
[1.947s] -- Found geometry_msgs: 4.2.4 (/opt/ros/humble/share/geometry_msgs/cmake)
[1.968s] -- Found nav_msgs: 4.2.4 (/opt/ros/humble/share/nav_msgs/cmake)
[1.994s] -- Found tf2: 0.25.8 (/opt/ros/humble/share/tf2/cmake)
[2.015s] -- Found tf2_ros: 0.25.8 (/opt/ros/humble/share/tf2_ros/cmake)
[2.363s] -- Configuring done
[2.399s] -- Generating done
[2.410s] -- Build files have been written to: /home/ikeda/ros2_ws/build/depth_d435
[2.431s] Invoked command in '/home/ikeda/ros2_ws/build/depth_d435' returned '0': CMAKE_PREFIX_PATH=${CMAKE_PREFIX_PATH}:/opt/ros/humble /usr/bin/cmake /home/ikeda/ros2_ws/src/depth_d435 -DCMAKE_INSTALL_PREFIX=/home/ikeda/ros2_ws/install/depth_d435
[2.435s] Invoking command in '/home/ikeda/ros2_ws/build/depth_d435': CMAKE_PREFIX_PATH=${CMAKE_PREFIX_PATH}:/opt/ros/humble /usr/bin/cmake --build /home/ikeda/ros2_ws/build/depth_d435 -- -j16 -l16
[2.527s] [ 50%] [32mBuilding CXX object CMakeFiles/tf_broadcaster.dir/src/tf_broadcaster.cpp.o[0m
[2.527s] [ 50%] Built target ament_cmake_python_copy_depth_d435
[2.899s] running egg_info
[2.899s] creating depth_d435.egg-info
[2.900s] writing depth_d435.egg-info/PKG-INFO
[2.900s] writing dependency_links to depth_d435.egg-info/dependency_links.txt
[2.900s] writing top-level names to depth_d435.egg-info/top_level.txt
[2.900s] writing manifest file 'depth_d435.egg-info/SOURCES.txt'
[2.903s] reading manifest file 'depth_d435.egg-info/SOURCES.txt'
[2.904s] writing manifest file 'depth_d435.egg-info/SOURCES.txt'
[2.944s] [ 50%] Built target ament_cmake_python_build_depth_d435_egg
[11.148s] [100%] [32m[1mLinking CXX executable tf_broadcaster[0m
[11.675s] [100%] Built target tf_broadcaster
[11.688s] Invoked command in '/home/ikeda/ros2_ws/build/depth_d435' returned '0': CMAKE_PREFIX_PATH=${CMAKE_PREFIX_PATH}:/opt/ros/humble /usr/bin/cmake --build /home/ikeda/ros2_ws/build/depth_d435 -- -j16 -l16
[11.701s] Invoking command in '/home/ikeda/ros2_ws/build/depth_d435': CMAKE_PREFIX_PATH=${CMAKE_PREFIX_PATH}:/opt/ros/humble /usr/bin/cmake --install /home/ikeda/ros2_ws/build/depth_d435
[11.709s] -- Install configuration: ""
[11.709s] -- Installing: /home/ikeda/ros2_ws/install/depth_d435/lib/depth_d435/tf_broadcaster
[11.714s] -- Set runtime path of "/home/ikeda/ros2_ws/install/depth_d435/lib/depth_d435/tf_broadcaster" to ""
[11.714s] -- Installing: /home/ikeda/ros2_ws/install/depth_d435/share/depth_d435/launch
[11.714s] -- Installing: /home/ikeda/ros2_ws/install/depth_d435/share/depth_d435/launch/one_robot_ign_launch.py
[11.714s] -- Installing: /home/ikeda/ros2_ws/install/depth_d435/share/depth_d435/urdf
[11.714s] -- Installing: /home/ikeda/ros2_ws/install/depth_d435/share/depth_d435/urdf/sensors_diffbot.xacro
[11.715s] -- Installing: /home/ikeda/ros2_ws/install/depth_d435/share/depth_d435/meshes
[11.715s] -- Installing: /home/ikeda/ros2_ws/install/depth_d435/share/depth_d435/meshes/base_caster.stl
[11.715s] -- Installing: /home/ikeda/ros2_ws/install/depth_d435/share/depth_d435/meshes/left_mecanum_wheel.dae
[11.716s] -- Installing: /home/ikeda/ros2_ws/install/depth_d435/share/depth_d435/meshes/husky_wheel.stl
[11.718s] -- Installing: /home/ikeda/ros2_ws/install/depth_d435/share/depth_d435/meshes/d435.dae
[11.741s] -- Installing: /home/ikeda/ros2_ws/install/depth_d435/share/depth_d435/meshes/Lidar_pacecat.stl
[11.741s] -- Installing: /home/ikeda/ros2_ws/install/depth_d435/share/depth_d435/meshes/caster_wheel.stl
[11.742s] -- Installing: /home/ikeda/ros2_ws/install/depth_d435/share/depth_d435/meshes/wheel_ring.stl
[11.743s] -- Installing: /home/ikeda/ros2_ws/install/depth_d435/share/depth_d435/meshes/right_mecanum_wheel.dae
[11.744s] -- Installing: /home/ikeda/ros2_ws/install/depth_d435/share/depth_d435/meshes/base_plate.stl
[11.746s] -- Installing: /home/ikeda/ros2_ws/install/depth_d435/share/depth_d435/rviz
[11.747s] -- Installing: /home/ikeda/ros2_ws/install/depth_d435/share/depth_d435/rviz/ns_robot.rviz
[11.747s] -- Installing: /home/ikeda/ros2_ws/install/depth_d435/share/depth_d435/rviz/robot_display.rviz
[11.747s] -- Installing: /home/ikeda/ros2_ws/install/depth_d435/share/depth_d435/worlds
[11.747s] -- Installing: /home/ikeda/ros2_ws/install/depth_d435/share/depth_d435/worlds/warehouse.sdf
[11.747s] -- Installing: /home/ikeda/ros2_ws/install/depth_d435/share/depth_d435/worlds/empty.sdf
[11.748s] -- Installing: /home/ikeda/ros2_ws/install/depth_d435/share/depth_d435/worlds/world_with_model.sdf
[11.748s] -- Installing: /home/ikeda/ros2_ws/install/depth_d435/share/depth_d435/src
[11.748s] -- Installing: /home/ikeda/ros2_ws/install/depth_d435/share/depth_d435/src/tf_broadcaster.cpp
[11.748s] -- Installing: /home/ikeda/ros2_ws/install/depth_d435/share/depth_d435/scripts
[11.748s] -- Installing: /home/ikeda/ros2_ws/install/depth_d435/share/depth_d435/scripts/omni_teleop_keyboard.py
[11.748s] -- Installing: /home/ikeda/ros2_ws/install/depth_d435/share/depth_d435/environment/pythonpath.sh
[11.749s] -- Installing: /home/ikeda/ros2_ws/install/depth_d435/share/depth_d435/environment/pythonpath.dsv
[11.749s] -- Installing: /home/ikeda/ros2_ws/install/depth_d435/local/lib/python3.10/dist-packages/depth_d435-0.1.0-py3.10.egg-info
[11.749s] -- Installing: /home/ikeda/ros2_ws/install/depth_d435/local/lib/python3.10/dist-packages/depth_d435-0.1.0-py3.10.egg-info/SOURCES.txt
[11.749s] -- Installing: /home/ikeda/ros2_ws/install/depth_d435/local/lib/python3.10/dist-packages/depth_d435-0.1.0-py3.10.egg-info/top_level.txt
[11.749s] -- Installing: /home/ikeda/ros2_ws/install/depth_d435/local/lib/python3.10/dist-packages/depth_d435-0.1.0-py3.10.egg-info/dependency_links.txt
[11.749s] -- Installing: /home/ikeda/ros2_ws/install/depth_d435/local/lib/python3.10/dist-packages/depth_d435-0.1.0-py3.10.egg-info/PKG-INFO
[11.750s] -- Installing: /home/ikeda/ros2_ws/install/depth_d435/local/lib/python3.10/dist-packages/depth_d435
[11.750s] -- Installing: /home/ikeda/ros2_ws/install/depth_d435/local/lib/python3.10/dist-packages/depth_d435/__init__.py
[11.783s] Listing '/home/ikeda/ros2_ws/install/depth_d435/local/lib/python3.10/dist-packages/depth_d435'...
[11.783s] Compiling '/home/ikeda/ros2_ws/install/depth_d435/local/lib/python3.10/dist-packages/depth_d435/__init__.py'...
[11.788s] -- Installing: /home/ikeda/ros2_ws/install/depth_d435/lib/depth_d435/omni_teleop_keyboard.py
[11.789s] -- Installing: /home/ikeda/ros2_ws/install/depth_d435/share/ament_index/resource_index/package_run_dependencies/depth_d435
[11.789s] -- Installing: /home/ikeda/ros2_ws/install/depth_d435/share/ament_index/resource_index/parent_prefix_path/depth_d435
[11.790s] -- Installing: /home/ikeda/ros2_ws/install/depth_d435/share/depth_d435/environment/ament_prefix_path.sh
[11.790s] -- Installing: /home/ikeda/ros2_ws/install/depth_d435/share/depth_d435/environment/ament_prefix_path.dsv
[11.790s] -- Installing: /home/ikeda/ros2_ws/install/depth_d435/share/depth_d435/environment/path.sh
[11.790s] -- Installing: /home/ikeda/ros2_ws/install/depth_d435/share/depth_d435/environment/path.dsv
[11.790s] -- Installing: /home/ikeda/ros2_ws/install/depth_d435/share/depth_d435/local_setup.bash
[11.791s] -- Installing: /home/ikeda/ros2_ws/install/depth_d435/share/depth_d435/local_setup.sh
[11.791s] -- Installing: /home/ikeda/ros2_ws/install/depth_d435/share/depth_d435/local_setup.zsh
[11.791s] -- Installing: /home/ikeda/ros2_ws/install/depth_d435/share/depth_d435/local_setup.dsv
[11.791s] -- Installing: /home/ikeda/ros2_ws/install/depth_d435/share/depth_d435/package.dsv
[11.792s] -- Installing: /home/ikeda/ros2_ws/install/depth_d435/share/ament_index/resource_index/packages/depth_d435
[11.792s] -- Installing: /home/ikeda/ros2_ws/install/depth_d435/share/depth_d435/cmake/depth_d435Config.cmake
[11.792s] -- Installing: /home/ikeda/ros2_ws/install/depth_d435/share/depth_d435/cmake/depth_d435Config-version.cmake
[11.793s] -- Installing: /home/ikeda/ros2_ws/install/depth_d435/share/depth_d435/package.xml
[11.795s] Invoked command in '/home/ikeda/ros2_ws/build/depth_d435' returned '0': CMAKE_PREFIX_PATH=${CMAKE_PREFIX_PATH}:/opt/ros/humble /usr/bin/cmake --install /home/ikeda/ros2_ws/build/depth_d435
