-- The C compiler identification is GNU 11.4.0
-- The CXX compiler identification is GNU 11.4.0
-- Detecting C compiler ABI info
-- Detecting C compiler ABI info - done
-- Check for working C compiler: /usr/bin/cc - skipped
-- Detecting C compile features
-- Detecting C compile features - done
-- Detecting CXX compiler ABI info
-- Detecting CXX compiler ABI info - done
-- Check for working CXX compiler: /usr/bin/c++ - skipped
-- Detecting CXX compile features
-- Detecting CXX compile features - done
-- Found ament_cmake: 1.3.10 (/opt/ros/humble/share/ament_cmake/cmake)
-- Found Python3: /usr/bin/python3 (found version "3.10.12") found components: Interpreter 
-- Found rclcpp: 16.0.10 (/opt/ros/humble/share/rclcpp/cmake)
-- Found rosidl_generator_c: 3.1.5 (/opt/ros/humble/share/rosidl_generator_c/cmake)
-- Found rosidl_adapter: 3.1.5 (/opt/ros/humble/share/rosidl_adapter/cmake)
-- Found rosidl_generator_cpp: 3.1.5 (/opt/ros/humble/share/rosidl_generator_cpp/cmake)
-- Using all available rosidl_typesupport_c: rosidl_typesupport_fastrtps_c;rosidl_typesupport_introspection_c
-- Using all available rosidl_typesupport_cpp: rosidl_typesupport_fastrtps_cpp;rosidl_typesupport_introspection_cpp
-- Found rmw_implementation_cmake: 6.1.2 (/opt/ros/humble/share/rmw_implementation_cmake/cmake)
-- Found rmw_fastrtps_cpp: 6.2.7 (/opt/ros/humble/share/rmw_fastrtps_cpp/cmake)
-- Found OpenSSL: /usr/lib/x86_64-linux-gnu/libcrypto.so (found version "3.0.2")  
-- Found FastRTPS: /opt/ros/humble/include  
-- Using RMW implementation 'rmw_fastrtps_cpp' as default
-- Looking for pthread.h
-- Looking for pthread.h - found
-- Performing Test CMAKE_HAVE_LIBC_PTHREAD
-- Performing Test CMAKE_HAVE_LIBC_PTHREAD - Success
-- Found Threads: TRUE  
-- Found geometry_msgs: 4.2.4 (/opt/ros/humble/share/geometry_msgs/cmake)
-- Found nav_msgs: 4.2.4 (/opt/ros/humble/share/nav_msgs/cmake)
-- Found tf2: 0.25.8 (/opt/ros/humble/share/tf2/cmake)
-- Found tf2_ros: 0.25.8 (/opt/ros/humble/share/tf2_ros/cmake)
-- Configuring done
-- Generating done
-- Build files have been written to: /home/aaqib/ros2_ws/build/depth_d435
[ 50%] [32mBuilding CXX object CMakeFiles/tf_broadcaster.dir/src/tf_broadcaster.cpp.o[0m
[ 50%] Built target ament_cmake_python_copy_depth_d435
running egg_info
creating depth_d435.egg-info
writing depth_d435.egg-info/PKG-INFO
writing dependency_links to depth_d435.egg-info/dependency_links.txt
writing top-level names to depth_d435.egg-info/top_level.txt
writing manifest file 'depth_d435.egg-info/SOURCES.txt'
reading manifest file 'depth_d435.egg-info/SOURCES.txt'
writing manifest file 'depth_d435.egg-info/SOURCES.txt'
[ 50%] Built target ament_cmake_python_build_depth_d435_egg
[100%] [32m[1mLinking CXX executable tf_broadcaster[0m
[100%] Built target tf_broadcaster
-- Install configuration: ""
-- Installing: /home/aaqib/ros2_ws/install/depth_d435/lib/depth_d435/tf_broadcaster
-- Set runtime path of "/home/aaqib/ros2_ws/install/depth_d435/lib/depth_d435/tf_broadcaster" to ""
-- Installing: /home/aaqib/ros2_ws/install/depth_d435/share/depth_d435/launch
-- Installing: /home/aaqib/ros2_ws/install/depth_d435/share/depth_d435/launch/one_robot_ign_launch.py
-- Installing: /home/aaqib/ros2_ws/install/depth_d435/share/depth_d435/urdf
-- Installing: /home/aaqib/ros2_ws/install/depth_d435/share/depth_d435/urdf/sensors_diffbot.xacro
-- Installing: /home/aaqib/ros2_ws/install/depth_d435/share/depth_d435/meshes
-- Installing: /home/aaqib/ros2_ws/install/depth_d435/share/depth_d435/meshes/base_caster.stl
-- Installing: /home/aaqib/ros2_ws/install/depth_d435/share/depth_d435/meshes/left_mecanum_wheel.dae
-- Installing: /home/aaqib/ros2_ws/install/depth_d435/share/depth_d435/meshes/husky_wheel.stl
-- Installing: /home/aaqib/ros2_ws/install/depth_d435/share/depth_d435/meshes/d435.dae
-- Installing: /home/aaqib/ros2_ws/install/depth_d435/share/depth_d435/meshes/Lidar_pacecat.stl
-- Installing: /home/aaqib/ros2_ws/install/depth_d435/share/depth_d435/meshes/caster_wheel.stl
-- Installing: /home/aaqib/ros2_ws/install/depth_d435/share/depth_d435/meshes/wheel_ring.stl
-- Installing: /home/aaqib/ros2_ws/install/depth_d435/share/depth_d435/meshes/right_mecanum_wheel.dae
-- Installing: /home/aaqib/ros2_ws/install/depth_d435/share/depth_d435/meshes/base_plate.stl
-- Installing: /home/aaqib/ros2_ws/install/depth_d435/share/depth_d435/rviz
-- Installing: /home/aaqib/ros2_ws/install/depth_d435/share/depth_d435/rviz/ns_robot.rviz
-- Installing: /home/aaqib/ros2_ws/install/depth_d435/share/depth_d435/rviz/robot_display.rviz
-- Installing: /home/aaqib/ros2_ws/install/depth_d435/share/depth_d435/worlds
-- Installing: /home/aaqib/ros2_ws/install/depth_d435/share/depth_d435/worlds/warehouse.sdf
-- Installing: /home/aaqib/ros2_ws/install/depth_d435/share/depth_d435/worlds/empty.sdf
-- Installing: /home/aaqib/ros2_ws/install/depth_d435/share/depth_d435/worlds/world_with_model.sdf
-- Installing: /home/aaqib/ros2_ws/install/depth_d435/share/depth_d435/src
-- Installing: /home/aaqib/ros2_ws/install/depth_d435/share/depth_d435/src/tf_broadcaster.cpp
-- Installing: /home/aaqib/ros2_ws/install/depth_d435/share/depth_d435/scripts
-- Installing: /home/aaqib/ros2_ws/install/depth_d435/share/depth_d435/scripts/omni_teleop_keyboard.py
-- Installing: /home/aaqib/ros2_ws/install/depth_d435/share/depth_d435/environment/pythonpath.sh
-- Installing: /home/aaqib/ros2_ws/install/depth_d435/share/depth_d435/environment/pythonpath.dsv
-- Installing: /home/aaqib/ros2_ws/install/depth_d435/local/lib/python3.10/dist-packages/depth_d435-0.1.0-py3.10.egg-info
-- Installing: /home/aaqib/ros2_ws/install/depth_d435/local/lib/python3.10/dist-packages/depth_d435-0.1.0-py3.10.egg-info/SOURCES.txt
-- Installing: /home/aaqib/ros2_ws/install/depth_d435/local/lib/python3.10/dist-packages/depth_d435-0.1.0-py3.10.egg-info/top_level.txt
-- Installing: /home/aaqib/ros2_ws/install/depth_d435/local/lib/python3.10/dist-packages/depth_d435-0.1.0-py3.10.egg-info/dependency_links.txt
-- Installing: /home/aaqib/ros2_ws/install/depth_d435/local/lib/python3.10/dist-packages/depth_d435-0.1.0-py3.10.egg-info/PKG-INFO
-- Installing: /home/aaqib/ros2_ws/install/depth_d435/local/lib/python3.10/dist-packages/depth_d435
-- Installing: /home/aaqib/ros2_ws/install/depth_d435/local/lib/python3.10/dist-packages/depth_d435/__init__.py
Listing '/home/aaqib/ros2_ws/install/depth_d435/local/lib/python3.10/dist-packages/depth_d435'...
Compiling '/home/aaqib/ros2_ws/install/depth_d435/local/lib/python3.10/dist-packages/depth_d435/__init__.py'...
-- Installing: /home/aaqib/ros2_ws/install/depth_d435/lib/depth_d435/omni_teleop_keyboard.py
-- Installing: /home/aaqib/ros2_ws/install/depth_d435/share/ament_index/resource_index/package_run_dependencies/depth_d435
-- Installing: /home/aaqib/ros2_ws/install/depth_d435/share/ament_index/resource_index/parent_prefix_path/depth_d435
-- Installing: /home/aaqib/ros2_ws/install/depth_d435/share/depth_d435/environment/ament_prefix_path.sh
-- Installing: /home/aaqib/ros2_ws/install/depth_d435/share/depth_d435/environment/ament_prefix_path.dsv
-- Installing: /home/aaqib/ros2_ws/install/depth_d435/share/depth_d435/environment/path.sh
-- Installing: /home/aaqib/ros2_ws/install/depth_d435/share/depth_d435/environment/path.dsv
-- Installing: /home/aaqib/ros2_ws/install/depth_d435/share/depth_d435/local_setup.bash
-- Installing: /home/aaqib/ros2_ws/install/depth_d435/share/depth_d435/local_setup.sh
-- Installing: /home/aaqib/ros2_ws/install/depth_d435/share/depth_d435/local_setup.zsh
-- Installing: /home/aaqib/ros2_ws/install/depth_d435/share/depth_d435/local_setup.dsv
-- Installing: /home/aaqib/ros2_ws/install/depth_d435/share/depth_d435/package.dsv
-- Installing: /home/aaqib/ros2_ws/install/depth_d435/share/ament_index/resource_index/packages/depth_d435
-- Installing: /home/aaqib/ros2_ws/install/depth_d435/share/depth_d435/cmake/depth_d435Config.cmake
-- Installing: /home/aaqib/ros2_ws/install/depth_d435/share/depth_d435/cmake/depth_d435Config-version.cmake
-- Installing: /home/aaqib/ros2_ws/install/depth_d435/share/depth_d435/package.xml
