[35m[1mConsolidate compiler generated dependencies of target tf_broadcaster[0m
[100%] Built target tf_broadcaster
[100%] Built target ament_cmake_python_copy_depth_d435
running egg_info
writing depth_d435.egg-info/PKG-INFO
writing dependency_links to depth_d435.egg-info/dependency_links.txt
writing top-level names to depth_d435.egg-info/top_level.txt
reading manifest file 'depth_d435.egg-info/SOURCES.txt'
writing manifest file 'depth_d435.egg-info/SOURCES.txt'
[100%] Built target ament_cmake_python_build_depth_d435_egg
-- Install configuration: ""
-- Up-to-date: /home/aaqib/ros2_ws/install/depth_d435/lib/depth_d435/tf_broadcaster
-- Up-to-date: /home/aaqib/ros2_ws/install/depth_d435/share/depth_d435/launch
-- Up-to-date: /home/aaqib/ros2_ws/install/depth_d435/share/depth_d435/launch/one_robot_ign_launch.py
-- Up-to-date: /home/aaqib/ros2_ws/install/depth_d435/share/depth_d435/urdf
-- Up-to-date: /home/aaqib/ros2_ws/install/depth_d435/share/depth_d435/urdf/sensors_diffbot.xacro
-- Up-to-date: /home/aaqib/ros2_ws/install/depth_d435/share/depth_d435/meshes
-- Up-to-date: /home/aaqib/ros2_ws/install/depth_d435/share/depth_d435/meshes/base_caster.stl
-- Up-to-date: /home/aaqib/ros2_ws/install/depth_d435/share/depth_d435/meshes/left_mecanum_wheel.dae
-- Up-to-date: /home/aaqib/ros2_ws/install/depth_d435/share/depth_d435/meshes/husky_wheel.stl
-- Up-to-date: /home/aaqib/ros2_ws/install/depth_d435/share/depth_d435/meshes/d435.dae
-- Up-to-date: /home/aaqib/ros2_ws/install/depth_d435/share/depth_d435/meshes/Lidar_pacecat.stl
-- Up-to-date: /home/aaqib/ros2_ws/install/depth_d435/share/depth_d435/meshes/caster_wheel.stl
-- Up-to-date: /home/aaqib/ros2_ws/install/depth_d435/share/depth_d435/meshes/wheel_ring.stl
-- Up-to-date: /home/aaqib/ros2_ws/install/depth_d435/share/depth_d435/meshes/right_mecanum_wheel.dae
-- Up-to-date: /home/aaqib/ros2_ws/install/depth_d435/share/depth_d435/meshes/base_plate.stl
-- Up-to-date: /home/aaqib/ros2_ws/install/depth_d435/share/depth_d435/rviz
-- Up-to-date: /home/aaqib/ros2_ws/install/depth_d435/share/depth_d435/rviz/ns_robot.rviz
-- Up-to-date: /home/aaqib/ros2_ws/install/depth_d435/share/depth_d435/rviz/robot_display.rviz
-- Up-to-date: /home/aaqib/ros2_ws/install/depth_d435/share/depth_d435/worlds
-- Installing: /home/aaqib/ros2_ws/install/depth_d435/share/depth_d435/worlds/warehouse.sdf
-- Up-to-date: /home/aaqib/ros2_ws/install/depth_d435/share/depth_d435/worlds/empty.sdf
-- Up-to-date: /home/aaqib/ros2_ws/install/depth_d435/share/depth_d435/worlds/world_with_model.sdf
-- Up-to-date: /home/aaqib/ros2_ws/install/depth_d435/share/depth_d435/src
-- Up-to-date: /home/aaqib/ros2_ws/install/depth_d435/share/depth_d435/src/tf_broadcaster.cpp
-- Up-to-date: /home/aaqib/ros2_ws/install/depth_d435/share/depth_d435/scripts
-- Up-to-date: /home/aaqib/ros2_ws/install/depth_d435/share/depth_d435/scripts/omni_teleop_keyboard.py
-- Up-to-date: /home/aaqib/ros2_ws/install/depth_d435/share/depth_d435/environment/pythonpath.sh
-- Up-to-date: /home/aaqib/ros2_ws/install/depth_d435/share/depth_d435/environment/pythonpath.dsv
-- Up-to-date: /home/aaqib/ros2_ws/install/depth_d435/local/lib/python3.10/dist-packages/depth_d435-0.1.0-py3.10.egg-info
-- Installing: /home/aaqib/ros2_ws/install/depth_d435/local/lib/python3.10/dist-packages/depth_d435-0.1.0-py3.10.egg-info/SOURCES.txt
-- Installing: /home/aaqib/ros2_ws/install/depth_d435/local/lib/python3.10/dist-packages/depth_d435-0.1.0-py3.10.egg-info/top_level.txt
-- Installing: /home/aaqib/ros2_ws/install/depth_d435/local/lib/python3.10/dist-packages/depth_d435-0.1.0-py3.10.egg-info/dependency_links.txt
-- Installing: /home/aaqib/ros2_ws/install/depth_d435/local/lib/python3.10/dist-packages/depth_d435-0.1.0-py3.10.egg-info/PKG-INFO
-- Up-to-date: /home/aaqib/ros2_ws/install/depth_d435/local/lib/python3.10/dist-packages/depth_d435
-- Up-to-date: /home/aaqib/ros2_ws/install/depth_d435/local/lib/python3.10/dist-packages/depth_d435/__init__.py
Listing '/home/aaqib/ros2_ws/install/depth_d435/local/lib/python3.10/dist-packages/depth_d435'...
-- Up-to-date: /home/aaqib/ros2_ws/install/depth_d435/lib/depth_d435/omni_teleop_keyboard.py
-- Up-to-date: /home/aaqib/ros2_ws/install/depth_d435/share/ament_index/resource_index/package_run_dependencies/depth_d435
-- Up-to-date: /home/aaqib/ros2_ws/install/depth_d435/share/ament_index/resource_index/parent_prefix_path/depth_d435
-- Up-to-date: /home/aaqib/ros2_ws/install/depth_d435/share/depth_d435/environment/ament_prefix_path.sh
-- Up-to-date: /home/aaqib/ros2_ws/install/depth_d435/share/depth_d435/environment/ament_prefix_path.dsv
-- Up-to-date: /home/aaqib/ros2_ws/install/depth_d435/share/depth_d435/environment/path.sh
-- Up-to-date: /home/aaqib/ros2_ws/install/depth_d435/share/depth_d435/environment/path.dsv
-- Up-to-date: /home/aaqib/ros2_ws/install/depth_d435/share/depth_d435/local_setup.bash
-- Up-to-date: /home/aaqib/ros2_ws/install/depth_d435/share/depth_d435/local_setup.sh
-- Up-to-date: /home/aaqib/ros2_ws/install/depth_d435/share/depth_d435/local_setup.zsh
-- Up-to-date: /home/aaqib/ros2_ws/install/depth_d435/share/depth_d435/local_setup.dsv
-- Installing: /home/aaqib/ros2_ws/install/depth_d435/share/depth_d435/package.dsv
-- Up-to-date: /home/aaqib/ros2_ws/install/depth_d435/share/ament_index/resource_index/packages/depth_d435
-- Up-to-date: /home/aaqib/ros2_ws/install/depth_d435/share/depth_d435/cmake/depth_d435Config.cmake
-- Up-to-date: /home/aaqib/ros2_ws/install/depth_d435/share/depth_d435/cmake/depth_d435Config-version.cmake
-- Up-to-date: /home/aaqib/ros2_ws/install/depth_d435/share/depth_d435/package.xml
