[0.014s] Invoking command in '/home/ikeda/ros2_ws/build/depth_d435': CMAKE_PREFIX_PATH=${CMAKE_PREFIX_PATH}:/opt/ros/humble /usr/bin/cmake --build /home/ikeda/ros2_ws/build/depth_d435 -- -j16 -l16
[0.075s] [35m[1mConsolidate compiler generated dependencies of target tf_broadcaster[0m
[0.096s] [100%] Built target tf_broadcaster
[0.127s] [100%] Built target ament_cmake_python_copy_depth_d435
[0.353s] running egg_info
[0.353s] writing depth_d435.egg-info/PKG-INFO
[0.354s] writing dependency_links to depth_d435.egg-info/dependency_links.txt
[0.354s] writing top-level names to depth_d435.egg-info/top_level.txt
[0.356s] reading manifest file 'depth_d435.egg-info/SOURCES.txt'
[0.356s] writing manifest file 'depth_d435.egg-info/SOURCES.txt'
[0.397s] [100%] Built target ament_cmake_python_build_depth_d435_egg
[0.410s] Invoked command in '/home/ikeda/ros2_ws/build/depth_d435' returned '0': CMAKE_PREFIX_PATH=${CMAKE_PREFIX_PATH}:/opt/ros/humble /usr/bin/cmake --build /home/ikeda/ros2_ws/build/depth_d435 -- -j16 -l16
[0.429s] Invoking command in '/home/ikeda/ros2_ws/build/depth_d435': CMAKE_PREFIX_PATH=${CMAKE_PREFIX_PATH}:/opt/ros/humble /usr/bin/cmake --install /home/ikeda/ros2_ws/build/depth_d435
[0.437s] -- Install configuration: ""
[0.437s] -- Up-to-date: /home/ikeda/ros2_ws/install/depth_d435/lib/depth_d435/tf_broadcaster
[0.437s] -- Up-to-date: /home/ikeda/ros2_ws/install/depth_d435/share/depth_d435/launch
[0.438s] -- Up-to-date: /home/ikeda/ros2_ws/install/depth_d435/share/depth_d435/launch/one_robot_ign_launch.py
[0.438s] -- Up-to-date: /home/ikeda/ros2_ws/install/depth_d435/share/depth_d435/urdf
[0.438s] -- Up-to-date: /home/ikeda/ros2_ws/install/depth_d435/share/depth_d435/urdf/sensors_diffbot.xacro
[0.438s] -- Up-to-date: /home/ikeda/ros2_ws/install/depth_d435/share/depth_d435/meshes
[0.438s] -- Up-to-date: /home/ikeda/ros2_ws/install/depth_d435/share/depth_d435/meshes/base_caster.stl
[0.438s] -- Up-to-date: /home/ikeda/ros2_ws/install/depth_d435/share/depth_d435/meshes/left_mecanum_wheel.dae
[0.438s] -- Up-to-date: /home/ikeda/ros2_ws/install/depth_d435/share/depth_d435/meshes/husky_wheel.stl
[0.439s] -- Up-to-date: /home/ikeda/ros2_ws/install/depth_d435/share/depth_d435/meshes/d435.dae
[0.439s] -- Up-to-date: /home/ikeda/ros2_ws/install/depth_d435/share/depth_d435/meshes/Lidar_pacecat.stl
[0.439s] -- Up-to-date: /home/ikeda/ros2_ws/install/depth_d435/share/depth_d435/meshes/caster_wheel.stl
[0.439s] -- Up-to-date: /home/ikeda/ros2_ws/install/depth_d435/share/depth_d435/meshes/wheel_ring.stl
[0.439s] -- Up-to-date: /home/ikeda/ros2_ws/install/depth_d435/share/depth_d435/meshes/right_mecanum_wheel.dae
[0.439s] -- Up-to-date: /home/ikeda/ros2_ws/install/depth_d435/share/depth_d435/meshes/base_plate.stl
[0.439s] -- Up-to-date: /home/ikeda/ros2_ws/install/depth_d435/share/depth_d435/rviz
[0.439s] -- Up-to-date: /home/ikeda/ros2_ws/install/depth_d435/share/depth_d435/rviz/ns_robot.rviz
[0.440s] -- Up-to-date: /home/ikeda/ros2_ws/install/depth_d435/share/depth_d435/rviz/robot_display.rviz
[0.440s] -- Up-to-date: /home/ikeda/ros2_ws/install/depth_d435/share/depth_d435/worlds
[0.440s] -- Installing: /home/ikeda/ros2_ws/install/depth_d435/share/depth_d435/worlds/warehouse.sdf
[0.440s] -- Up-to-date: /home/ikeda/ros2_ws/install/depth_d435/share/depth_d435/worlds/empty.sdf
[0.440s] -- Up-to-date: /home/ikeda/ros2_ws/install/depth_d435/share/depth_d435/worlds/world_with_model.sdf
[0.440s] -- Up-to-date: /home/ikeda/ros2_ws/install/depth_d435/share/depth_d435/src
[0.440s] -- Up-to-date: /home/ikeda/ros2_ws/install/depth_d435/share/depth_d435/src/tf_broadcaster.cpp
[0.440s] -- Up-to-date: /home/ikeda/ros2_ws/install/depth_d435/share/depth_d435/scripts
[0.440s] -- Up-to-date: /home/ikeda/ros2_ws/install/depth_d435/share/depth_d435/scripts/omni_teleop_keyboard.py
[0.440s] -- Up-to-date: /home/ikeda/ros2_ws/install/depth_d435/share/depth_d435/environment/pythonpath.sh
[0.441s] -- Up-to-date: /home/ikeda/ros2_ws/install/depth_d435/share/depth_d435/environment/pythonpath.dsv
[0.441s] -- Up-to-date: /home/ikeda/ros2_ws/install/depth_d435/local/lib/python3.10/dist-packages/depth_d435-0.1.0-py3.10.egg-info
[0.441s] -- Installing: /home/ikeda/ros2_ws/install/depth_d435/local/lib/python3.10/dist-packages/depth_d435-0.1.0-py3.10.egg-info/SOURCES.txt
[0.441s] -- Installing: /home/ikeda/ros2_ws/install/depth_d435/local/lib/python3.10/dist-packages/depth_d435-0.1.0-py3.10.egg-info/top_level.txt
[0.441s] -- Installing: /home/ikeda/ros2_ws/install/depth_d435/local/lib/python3.10/dist-packages/depth_d435-0.1.0-py3.10.egg-info/dependency_links.txt
[0.441s] -- Installing: /home/ikeda/ros2_ws/install/depth_d435/local/lib/python3.10/dist-packages/depth_d435-0.1.0-py3.10.egg-info/PKG-INFO
[0.441s] -- Up-to-date: /home/ikeda/ros2_ws/install/depth_d435/local/lib/python3.10/dist-packages/depth_d435
[0.441s] -- Up-to-date: /home/ikeda/ros2_ws/install/depth_d435/local/lib/python3.10/dist-packages/depth_d435/__init__.py
[0.473s] Listing '/home/ikeda/ros2_ws/install/depth_d435/local/lib/python3.10/dist-packages/depth_d435'...
[0.477s] -- Up-to-date: /home/ikeda/ros2_ws/install/depth_d435/lib/depth_d435/omni_teleop_keyboard.py
[0.477s] -- Up-to-date: /home/ikeda/ros2_ws/install/depth_d435/share/ament_index/resource_index/package_run_dependencies/depth_d435
[0.477s] -- Up-to-date: /home/ikeda/ros2_ws/install/depth_d435/share/ament_index/resource_index/parent_prefix_path/depth_d435
[0.477s] -- Up-to-date: /home/ikeda/ros2_ws/install/depth_d435/share/depth_d435/environment/ament_prefix_path.sh
[0.477s] -- Up-to-date: /home/ikeda/ros2_ws/install/depth_d435/share/depth_d435/environment/ament_prefix_path.dsv
[0.477s] -- Up-to-date: /home/ikeda/ros2_ws/install/depth_d435/share/depth_d435/environment/path.sh
[0.478s] -- Up-to-date: /home/ikeda/ros2_ws/install/depth_d435/share/depth_d435/environment/path.dsv
[0.478s] -- Up-to-date: /home/ikeda/ros2_ws/install/depth_d435/share/depth_d435/local_setup.bash
[0.478s] -- Up-to-date: /home/ikeda/ros2_ws/install/depth_d435/share/depth_d435/local_setup.sh
[0.478s] -- Up-to-date: /home/ikeda/ros2_ws/install/depth_d435/share/depth_d435/local_setup.zsh
[0.478s] -- Up-to-date: /home/ikeda/ros2_ws/install/depth_d435/share/depth_d435/local_setup.dsv
[0.478s] -- Installing: /home/ikeda/ros2_ws/install/depth_d435/share/depth_d435/package.dsv
[0.478s] -- Up-to-date: /home/ikeda/ros2_ws/install/depth_d435/share/ament_index/resource_index/packages/depth_d435
[0.479s] -- Up-to-date: /home/ikeda/ros2_ws/install/depth_d435/share/depth_d435/cmake/depth_d435Config.cmake
[0.479s] -- Up-to-date: /home/ikeda/ros2_ws/install/depth_d435/share/depth_d435/cmake/depth_d435Config-version.cmake
[0.479s] -- Up-to-date: /home/ikeda/ros2_ws/install/depth_d435/share/depth_d435/package.xml
[0.481s] Invoked command in '/home/ikeda/ros2_ws/build/depth_d435' returned '0': CMAKE_PREFIX_PATH=${CMAKE_PREFIX_PATH}:/opt/ros/humble /usr/bin/cmake --install /home/ikeda/ros2_ws/build/depth_d435
