-- The C compiler identification is GNU 11.4.0
-- The CXX compiler identification is GNU 11.4.0
-- Detecting C compiler ABI info
-- Detecting C compiler ABI info - done
-- Check for working C compiler: /usr/bin/cc - skipped
-- Detecting C compile features
-- Detecting C compile features - done
-- Detecting CXX compiler ABI info
-- Detecting CXX compiler ABI info - done
-- Check for working CXX compiler: /usr/bin/c++ - skipped
-- Detecting CXX compile features
-- Detecting CXX compile features - done
-- Found ament_cmake: 1.3.10 (/opt/ros/humble/share/ament_cmake/cmake)
-- Found Python3: /usr/bin/python3 (found version "3.10.12") found components: Interpreter 
-- Found rclcpp: 16.0.10 (/opt/ros/humble/share/rclcpp/cmake)
-- Found rosidl_generator_c: 3.1.5 (/opt/ros/humble/share/rosidl_generator_c/cmake)
-- Found rosidl_adapter: 3.1.5 (/opt/ros/humble/share/rosidl_adapter/cmake)
-- Found rosidl_generator_cpp: 3.1.5 (/opt/ros/humble/share/rosidl_generator_cpp/cmake)
-- Using all available rosidl_typesupport_c: rosidl_typesupport_fastrtps_c;rosidl_typesupport_introspection_c
-- Using all available rosidl_typesupport_cpp: rosidl_typesupport_fastrtps_cpp;rosidl_typesupport_introspection_cpp
-- Found rmw_implementation_cmake: 6.1.2 (/opt/ros/humble/share/rmw_implementation_cmake/cmake)
-- Found rmw_fastrtps_cpp: 6.2.7 (/opt/ros/humble/share/rmw_fastrtps_cpp/cmake)
-- Found OpenSSL: /usr/lib/x86_64-linux-gnu/libcrypto.so (found version "3.0.2")  
-- Found FastRTPS: /opt/ros/humble/include  
-- Using RMW implementation 'rmw_fastrtps_cpp' as default
-- Looking for pthread.h
-- Looking for pthread.h - found
-- Performing Test CMAKE_HAVE_LIBC_PTHREAD
-- Performing Test CMAKE_HAVE_LIBC_PTHREAD - Success
-- Found Threads: TRUE  
-- Found geometry_msgs: 4.2.4 (/opt/ros/humble/share/geometry_msgs/cmake)
-- Found nav_msgs: 4.2.4 (/opt/ros/humble/share/nav_msgs/cmake)
-- Found tf2: 0.25.8 (/opt/ros/humble/share/tf2/cmake)
-- Found tf2_ros: 0.25.8 (/opt/ros/humble/share/tf2_ros/cmake)
-- Configuring done
-- Generating done
-- Build files have been written to: /home/ikeda/xema_ws/build/xema_s
[ 50%] [32mBuilding CXX object CMakeFiles/tf_broadcaster.dir/src/tf_broadcaster.cpp.o[0m
[ 50%] Built target ament_cmake_python_copy_xema_s
running egg_info
creating xema_s.egg-info
writing xema_s.egg-info/PKG-INFO
writing dependency_links to xema_s.egg-info/dependency_links.txt
writing top-level names to xema_s.egg-info/top_level.txt
writing manifest file 'xema_s.egg-info/SOURCES.txt'
reading manifest file 'xema_s.egg-info/SOURCES.txt'
writing manifest file 'xema_s.egg-info/SOURCES.txt'
[ 50%] Built target ament_cmake_python_build_xema_s_egg
[100%] [32m[1mLinking CXX executable tf_broadcaster[0m
[100%] Built target tf_broadcaster
-- Install configuration: ""
-- Installing: /home/ikeda/xema_ws/install/xema_s/lib/xema_s/tf_broadcaster
-- Set runtime path of "/home/ikeda/xema_ws/install/xema_s/lib/xema_s/tf_broadcaster" to ""
-- Installing: /home/ikeda/xema_ws/install/xema_s/share/xema_s/launch
-- Installing: /home/ikeda/xema_ws/install/xema_s/share/xema_s/launch/one_robot_ign_launch.py
-- Installing: /home/ikeda/xema_ws/install/xema_s/share/xema_s/urdf
-- Installing: /home/ikeda/xema_ws/install/xema_s/share/xema_s/urdf/sensors_diffbot.xacro
-- Installing: /home/ikeda/xema_ws/install/xema_s/share/xema_s/meshes
-- Installing: /home/ikeda/xema_ws/install/xema_s/share/xema_s/meshes/base_caster.stl
-- Installing: /home/ikeda/xema_ws/install/xema_s/share/xema_s/meshes/left_mecanum_wheel.dae
-- Installing: /home/ikeda/xema_ws/install/xema_s/share/xema_s/meshes/husky_wheel.stl
-- Installing: /home/ikeda/xema_ws/install/xema_s/share/xema_s/meshes/Lidar_pacecat.stl
-- Installing: /home/ikeda/xema_ws/install/xema_s/share/xema_s/meshes/caster_wheel.stl
-- Installing: /home/ikeda/xema_ws/install/xema_s/share/xema_s/meshes/wheel_ring.stl
-- Installing: /home/ikeda/xema_ws/install/xema_s/share/xema_s/meshes/right_mecanum_wheel.dae
-- Installing: /home/ikeda/xema_ws/install/xema_s/share/xema_s/meshes/base_plate.stl
-- Installing: /home/ikeda/xema_ws/install/xema_s/share/xema_s/meshes/xema_s.dae
-- Installing: /home/ikeda/xema_ws/install/xema_s/share/xema_s/rviz
-- Installing: /home/ikeda/xema_ws/install/xema_s/share/xema_s/rviz/ns_robot.rviz
-- Installing: /home/ikeda/xema_ws/install/xema_s/share/xema_s/rviz/robot_display.rviz
-- Installing: /home/ikeda/xema_ws/install/xema_s/share/xema_s/worlds
-- Installing: /home/ikeda/xema_ws/install/xema_s/share/xema_s/worlds/warehouse.sdf
-- Installing: /home/ikeda/xema_ws/install/xema_s/share/xema_s/worlds/empty.sdf
-- Installing: /home/ikeda/xema_ws/install/xema_s/share/xema_s/worlds/world_with_model.sdf
-- Installing: /home/ikeda/xema_ws/install/xema_s/share/xema_s/src
-- Installing: /home/ikeda/xema_ws/install/xema_s/share/xema_s/src/tf_broadcaster.cpp
-- Installing: /home/ikeda/xema_ws/install/xema_s/share/xema_s/scripts
-- Installing: /home/ikeda/xema_ws/install/xema_s/share/xema_s/scripts/omni_teleop_keyboard.py
-- Installing: /home/ikeda/xema_ws/install/xema_s/share/xema_s/environment/pythonpath.sh
-- Installing: /home/ikeda/xema_ws/install/xema_s/share/xema_s/environment/pythonpath.dsv
-- Installing: /home/ikeda/xema_ws/install/xema_s/local/lib/python3.10/dist-packages/xema_s-0.1.0-py3.10.egg-info
-- Installing: /home/ikeda/xema_ws/install/xema_s/local/lib/python3.10/dist-packages/xema_s-0.1.0-py3.10.egg-info/SOURCES.txt
-- Installing: /home/ikeda/xema_ws/install/xema_s/local/lib/python3.10/dist-packages/xema_s-0.1.0-py3.10.egg-info/top_level.txt
-- Installing: /home/ikeda/xema_ws/install/xema_s/local/lib/python3.10/dist-packages/xema_s-0.1.0-py3.10.egg-info/dependency_links.txt
-- Installing: /home/ikeda/xema_ws/install/xema_s/local/lib/python3.10/dist-packages/xema_s-0.1.0-py3.10.egg-info/PKG-INFO
-- Installing: /home/ikeda/xema_ws/install/xema_s/local/lib/python3.10/dist-packages/xema_s
-- Installing: /home/ikeda/xema_ws/install/xema_s/local/lib/python3.10/dist-packages/xema_s/__init__.py
Listing '/home/ikeda/xema_ws/install/xema_s/local/lib/python3.10/dist-packages/xema_s'...
Compiling '/home/ikeda/xema_ws/install/xema_s/local/lib/python3.10/dist-packages/xema_s/__init__.py'...
-- Installing: /home/ikeda/xema_ws/install/xema_s/lib/xema_s/omni_teleop_keyboard.py
-- Installing: /home/ikeda/xema_ws/install/xema_s/share/ament_index/resource_index/package_run_dependencies/xema_s
-- Installing: /home/ikeda/xema_ws/install/xema_s/share/ament_index/resource_index/parent_prefix_path/xema_s
-- Installing: /home/ikeda/xema_ws/install/xema_s/share/xema_s/environment/ament_prefix_path.sh
-- Installing: /home/ikeda/xema_ws/install/xema_s/share/xema_s/environment/ament_prefix_path.dsv
-- Installing: /home/ikeda/xema_ws/install/xema_s/share/xema_s/environment/path.sh
-- Installing: /home/ikeda/xema_ws/install/xema_s/share/xema_s/environment/path.dsv
-- Installing: /home/ikeda/xema_ws/install/xema_s/share/xema_s/local_setup.bash
-- Installing: /home/ikeda/xema_ws/install/xema_s/share/xema_s/local_setup.sh
-- Installing: /home/ikeda/xema_ws/install/xema_s/share/xema_s/local_setup.zsh
-- Installing: /home/ikeda/xema_ws/install/xema_s/share/xema_s/local_setup.dsv
-- Installing: /home/ikeda/xema_ws/install/xema_s/share/xema_s/package.dsv
-- Installing: /home/ikeda/xema_ws/install/xema_s/share/ament_index/resource_index/packages/xema_s
-- Installing: /home/ikeda/xema_ws/install/xema_s/share/xema_s/cmake/xema_sConfig.cmake
-- Installing: /home/ikeda/xema_ws/install/xema_s/share/xema_s/cmake/xema_sConfig-version.cmake
-- Installing: /home/ikeda/xema_ws/install/xema_s/share/xema_s/package.xml
