[0.018s] Invoking command in '/home/ikeda/xema_ws/build/xema_s': CMAKE_PREFIX_PATH=/opt/ros/humble /usr/bin/cmake /home/ikeda/xema_ws/src/xema_s -DCMAKE_INSTALL_PREFIX=/home/ikeda/xema_ws/install/xema_s
[0.116s] -- The C compiler identification is GNU 11.4.0
[0.214s] -- The CXX compiler identification is GNU 11.4.0
[0.233s] -- Detecting C compiler ABI info
[0.364s] -- Detecting C compiler ABI info - done
[0.375s] -- Check for working C compiler: /usr/bin/cc - skipped
[0.376s] -- Detecting C compile features
[0.376s] -- Detecting C compile features - done
[0.380s] -- Detecting CXX compiler ABI info
[0.522s] -- Detecting CXX compiler ABI info - done
[0.544s] -- Check for working CXX compiler: /usr/bin/c++ - skipped
[0.545s] -- Detecting CXX compile features
[0.546s] -- Detecting CXX compile features - done
[0.556s] -- Found ament_cmake: 1.3.10 (/opt/ros/humble/share/ament_cmake/cmake)
[0.792s] -- Found Python3: /usr/bin/python3 (found version "3.10.12") found components: Interpreter 
[0.952s] -- Found rclcpp: 16.0.10 (/opt/ros/humble/share/rclcpp/cmake)
[1.030s] -- Found rosidl_generator_c: 3.1.5 (/opt/ros/humble/share/rosidl_generator_c/cmake)
[1.040s] -- Found rosidl_adapter: 3.1.5 (/opt/ros/humble/share/rosidl_adapter/cmake)
[1.056s] -- Found rosidl_generator_cpp: 3.1.5 (/opt/ros/humble/share/rosidl_generator_cpp/cmake)
[1.076s] -- Using all available rosidl_typesupport_c: rosidl_typesupport_fastrtps_c;rosidl_typesupport_introspection_c
[1.103s] -- Using all available rosidl_typesupport_cpp: rosidl_typesupport_fastrtps_cpp;rosidl_typesupport_introspection_cpp
[1.177s] -- Found rmw_implementation_cmake: 6.1.2 (/opt/ros/humble/share/rmw_implementation_cmake/cmake)
[1.182s] -- Found rmw_fastrtps_cpp: 6.2.7 (/opt/ros/humble/share/rmw_fastrtps_cpp/cmake)
[1.362s] -- Found OpenSSL: /usr/lib/x86_64-linux-gnu/libcrypto.so (found version "3.0.2")  
[1.413s] -- Found FastRTPS: /opt/ros/humble/include  
[1.492s] -- Using RMW implementation 'rmw_fastrtps_cpp' as default
[1.509s] -- Looking for pthread.h
[1.625s] -- Looking for pthread.h - found
[1.626s] -- Performing Test CMAKE_HAVE_LIBC_PTHREAD
[1.742s] -- Performing Test CMAKE_HAVE_LIBC_PTHREAD - Success
[1.743s] -- Found Threads: TRUE  
[1.838s] -- Found geometry_msgs: 4.2.4 (/opt/ros/humble/share/geometry_msgs/cmake)
[1.859s] -- Found nav_msgs: 4.2.4 (/opt/ros/humble/share/nav_msgs/cmake)
[1.886s] -- Found tf2: 0.25.8 (/opt/ros/humble/share/tf2/cmake)
[1.907s] -- Found tf2_ros: 0.25.8 (/opt/ros/humble/share/tf2_ros/cmake)
[2.258s] -- Configuring done
[2.298s] -- Generating done
[2.305s] -- Build files have been written to: /home/ikeda/xema_ws/build/xema_s
[2.320s] Invoked command in '/home/ikeda/xema_ws/build/xema_s' returned '0': CMAKE_PREFIX_PATH=/opt/ros/humble /usr/bin/cmake /home/ikeda/xema_ws/src/xema_s -DCMAKE_INSTALL_PREFIX=/home/ikeda/xema_ws/install/xema_s
[2.325s] Invoking command in '/home/ikeda/xema_ws/build/xema_s': CMAKE_PREFIX_PATH=/opt/ros/humble /usr/bin/cmake --build /home/ikeda/xema_ws/build/xema_s -- -j16 -l16
[2.414s] [ 50%] [32mBuilding CXX object CMakeFiles/tf_broadcaster.dir/src/tf_broadcaster.cpp.o[0m
[2.429s] [ 50%] Built target ament_cmake_python_copy_xema_s
[2.812s] running egg_info
[2.813s] creating xema_s.egg-info
[2.813s] writing xema_s.egg-info/PKG-INFO
[2.813s] writing dependency_links to xema_s.egg-info/dependency_links.txt
[2.814s] writing top-level names to xema_s.egg-info/top_level.txt
[2.814s] writing manifest file 'xema_s.egg-info/SOURCES.txt'
[2.817s] reading manifest file 'xema_s.egg-info/SOURCES.txt'
[2.818s] writing manifest file 'xema_s.egg-info/SOURCES.txt'
[2.859s] [ 50%] Built target ament_cmake_python_build_xema_s_egg
[11.370s] [100%] [32m[1mLinking CXX executable tf_broadcaster[0m
[11.927s] [100%] Built target tf_broadcaster
[11.942s] Invoked command in '/home/ikeda/xema_ws/build/xema_s' returned '0': CMAKE_PREFIX_PATH=/opt/ros/humble /usr/bin/cmake --build /home/ikeda/xema_ws/build/xema_s -- -j16 -l16
[11.954s] Invoking command in '/home/ikeda/xema_ws/build/xema_s': CMAKE_PREFIX_PATH=/opt/ros/humble /usr/bin/cmake --install /home/ikeda/xema_ws/build/xema_s
[11.960s] -- Install configuration: ""
[11.960s] -- Installing: /home/ikeda/xema_ws/install/xema_s/lib/xema_s/tf_broadcaster
[11.964s] -- Set runtime path of "/home/ikeda/xema_ws/install/xema_s/lib/xema_s/tf_broadcaster" to ""
[11.964s] -- Installing: /home/ikeda/xema_ws/install/xema_s/share/xema_s/launch
[11.964s] -- Installing: /home/ikeda/xema_ws/install/xema_s/share/xema_s/launch/one_robot_ign_launch.py
[11.964s] -- Installing: /home/ikeda/xema_ws/install/xema_s/share/xema_s/urdf
[11.965s] -- Installing: /home/ikeda/xema_ws/install/xema_s/share/xema_s/urdf/sensors_diffbot.xacro
[11.965s] -- Installing: /home/ikeda/xema_ws/install/xema_s/share/xema_s/meshes
[11.965s] -- Installing: /home/ikeda/xema_ws/install/xema_s/share/xema_s/meshes/base_caster.stl
[11.965s] -- Installing: /home/ikeda/xema_ws/install/xema_s/share/xema_s/meshes/left_mecanum_wheel.dae
[11.966s] -- Installing: /home/ikeda/xema_ws/install/xema_s/share/xema_s/meshes/husky_wheel.stl
[11.967s] -- Installing: /home/ikeda/xema_ws/install/xema_s/share/xema_s/meshes/Lidar_pacecat.stl
[11.968s] -- Installing: /home/ikeda/xema_ws/install/xema_s/share/xema_s/meshes/caster_wheel.stl
[11.968s] -- Installing: /home/ikeda/xema_ws/install/xema_s/share/xema_s/meshes/wheel_ring.stl
[11.970s] -- Installing: /home/ikeda/xema_ws/install/xema_s/share/xema_s/meshes/right_mecanum_wheel.dae
[11.971s] -- Installing: /home/ikeda/xema_ws/install/xema_s/share/xema_s/meshes/base_plate.stl
[11.973s] -- Installing: /home/ikeda/xema_ws/install/xema_s/share/xema_s/meshes/xema_s.dae
[11.978s] -- Installing: /home/ikeda/xema_ws/install/xema_s/share/xema_s/rviz
[11.978s] -- Installing: /home/ikeda/xema_ws/install/xema_s/share/xema_s/rviz/ns_robot.rviz
[11.978s] -- Installing: /home/ikeda/xema_ws/install/xema_s/share/xema_s/rviz/robot_display.rviz
[11.978s] -- Installing: /home/ikeda/xema_ws/install/xema_s/share/xema_s/worlds
[11.978s] -- Installing: /home/ikeda/xema_ws/install/xema_s/share/xema_s/worlds/warehouse.sdf
[11.979s] -- Installing: /home/ikeda/xema_ws/install/xema_s/share/xema_s/worlds/empty.sdf
[11.979s] -- Installing: /home/ikeda/xema_ws/install/xema_s/share/xema_s/worlds/world_with_model.sdf
[11.979s] -- Installing: /home/ikeda/xema_ws/install/xema_s/share/xema_s/src
[11.979s] -- Installing: /home/ikeda/xema_ws/install/xema_s/share/xema_s/src/tf_broadcaster.cpp
[11.979s] -- Installing: /home/ikeda/xema_ws/install/xema_s/share/xema_s/scripts
[11.979s] -- Installing: /home/ikeda/xema_ws/install/xema_s/share/xema_s/scripts/omni_teleop_keyboard.py
[11.979s] -- Installing: /home/ikeda/xema_ws/install/xema_s/share/xema_s/environment/pythonpath.sh
[11.980s] -- Installing: /home/ikeda/xema_ws/install/xema_s/share/xema_s/environment/pythonpath.dsv
[11.980s] -- Installing: /home/ikeda/xema_ws/install/xema_s/local/lib/python3.10/dist-packages/xema_s-0.1.0-py3.10.egg-info
[11.980s] -- Installing: /home/ikeda/xema_ws/install/xema_s/local/lib/python3.10/dist-packages/xema_s-0.1.0-py3.10.egg-info/SOURCES.txt
[11.980s] -- Installing: /home/ikeda/xema_ws/install/xema_s/local/lib/python3.10/dist-packages/xema_s-0.1.0-py3.10.egg-info/top_level.txt
[11.980s] -- Installing: /home/ikeda/xema_ws/install/xema_s/local/lib/python3.10/dist-packages/xema_s-0.1.0-py3.10.egg-info/dependency_links.txt
[11.980s] -- Installing: /home/ikeda/xema_ws/install/xema_s/local/lib/python3.10/dist-packages/xema_s-0.1.0-py3.10.egg-info/PKG-INFO
[11.980s] -- Installing: /home/ikeda/xema_ws/install/xema_s/local/lib/python3.10/dist-packages/xema_s
[11.980s] -- Installing: /home/ikeda/xema_ws/install/xema_s/local/lib/python3.10/dist-packages/xema_s/__init__.py
[12.013s] Listing '/home/ikeda/xema_ws/install/xema_s/local/lib/python3.10/dist-packages/xema_s'...
[12.014s] Compiling '/home/ikeda/xema_ws/install/xema_s/local/lib/python3.10/dist-packages/xema_s/__init__.py'...
[12.020s] -- Installing: /home/ikeda/xema_ws/install/xema_s/lib/xema_s/omni_teleop_keyboard.py
[12.021s] -- Installing: /home/ikeda/xema_ws/install/xema_s/share/ament_index/resource_index/package_run_dependencies/xema_s
[12.021s] -- Installing: /home/ikeda/xema_ws/install/xema_s/share/ament_index/resource_index/parent_prefix_path/xema_s
[12.022s] -- Installing: /home/ikeda/xema_ws/install/xema_s/share/xema_s/environment/ament_prefix_path.sh
[12.022s] -- Installing: /home/ikeda/xema_ws/install/xema_s/share/xema_s/environment/ament_prefix_path.dsv
[12.022s] -- Installing: /home/ikeda/xema_ws/install/xema_s/share/xema_s/environment/path.sh
[12.022s] -- Installing: /home/ikeda/xema_ws/install/xema_s/share/xema_s/environment/path.dsv
[12.023s] -- Installing: /home/ikeda/xema_ws/install/xema_s/share/xema_s/local_setup.bash
[12.023s] -- Installing: /home/ikeda/xema_ws/install/xema_s/share/xema_s/local_setup.sh
[12.023s] -- Installing: /home/ikeda/xema_ws/install/xema_s/share/xema_s/local_setup.zsh
[12.023s] -- Installing: /home/ikeda/xema_ws/install/xema_s/share/xema_s/local_setup.dsv
[12.023s] -- Installing: /home/ikeda/xema_ws/install/xema_s/share/xema_s/package.dsv
[12.023s] -- Installing: /home/ikeda/xema_ws/install/xema_s/share/ament_index/resource_index/packages/xema_s
[12.024s] -- Installing: /home/ikeda/xema_ws/install/xema_s/share/xema_s/cmake/xema_sConfig.cmake
[12.024s] -- Installing: /home/ikeda/xema_ws/install/xema_s/share/xema_s/cmake/xema_sConfig-version.cmake
[12.024s] -- Installing: /home/ikeda/xema_ws/install/xema_s/share/xema_s/package.xml
[12.027s] Invoked command in '/home/ikeda/xema_ws/build/xema_s' returned '0': CMAKE_PREFIX_PATH=/opt/ros/humble /usr/bin/cmake --install /home/ikeda/xema_ws/build/xema_s
